Using pre-set license
Built from '6000.0/staging' branch; Version is '6000.0.31f1 (a206c360e2a8) revision 10618563'; Using compiler version '193933523'; Build Type 'Release'
OS: 'Windows 11  (10.0.22631) 64bit CoreSingleLanguage' Language: 'en' Physical Memory: 15557 MB
BatchMode: 1, IsHumanControllingUs: 0, StartBugReporterOnCrash: 0, Is64bit: 1, IsPro: 1

COMMAND LINE ARGUMENTS:
C:\Program Files\Unity\Hub\Editor\6000.0.31f1\Editor\Unity.exe
-adb2
-batchMode
-noUpm
-name
AssetImportWorker1
-projectPath
C:/GitDump/My-project-portfolio
-logFile
Logs/AssetImportWorker1.log
-srvPort
59277
-job-worker-count
7
-background-job-worker-count
8
-gc-helper-count
1
Successfully changed project path to: C:/GitDump/My-project-portfolio
C:/GitDump/My-project-portfolio
[UnityMemory] Configuration Parameters - Can be set up in boot.config
    "memorysetup-bucket-allocator-granularity=16"
    "memorysetup-bucket-allocator-bucket-count=8"
    "memorysetup-bucket-allocator-block-size=33554432"
    "memorysetup-bucket-allocator-block-count=8"
    "memorysetup-main-allocator-block-size=16777216"
    "memorysetup-thread-allocator-block-size=16777216"
    "memorysetup-gfx-main-allocator-block-size=16777216"
    "memorysetup-gfx-thread-allocator-block-size=16777216"
    "memorysetup-cache-allocator-block-size=4194304"
    "memorysetup-typetree-allocator-block-size=2097152"
    "memorysetup-profiler-bucket-allocator-granularity=16"
    "memorysetup-profiler-bucket-allocator-bucket-count=8"
    "memorysetup-profiler-bucket-allocator-block-size=33554432"
    "memorysetup-profiler-bucket-allocator-block-count=8"
    "memorysetup-profiler-allocator-block-size=16777216"
    "memorysetup-profiler-editor-allocator-block-size=1048576"
    "memorysetup-temp-allocator-size-main=16777216"
    "memorysetup-job-temp-allocator-block-size=2097152"
    "memorysetup-job-temp-allocator-block-size-background=1048576"
    "memorysetup-job-temp-allocator-reduction-small-platforms=262144"
    "memorysetup-allocator-temp-initial-block-size-main=262144"
    "memorysetup-allocator-temp-initial-block-size-worker=262144"
    "memorysetup-temp-allocator-size-background-worker=32768"
    "memorysetup-temp-allocator-size-job-worker=262144"
    "memorysetup-temp-allocator-size-preload-manager=33554432"
    "memorysetup-temp-allocator-size-nav-mesh-worker=65536"
    "memorysetup-temp-allocator-size-audio-worker=65536"
    "memorysetup-temp-allocator-size-cloud-worker=32768"
    "memorysetup-temp-allocator-size-gi-baking-worker=262144"
    "memorysetup-temp-allocator-size-gi-baking-worker=262144"
    "memorysetup-temp-allocator-size-gi-baking-worker=262144"
    "memorysetup-temp-allocator-size-gi-baking-worker=262144"
    "memorysetup-temp-allocator-size-gi-baking-worker=262144"
    "memorysetup-temp-allocator-size-gfx=262144"
Player connection [22320]  Target information:

Player connection [22320]  * "[IP] 192.168.195.14 [Port] 0 [Flags] 2 [Guid] 2129552512 [EditorId] 2129552512 [Version] 1048832 [Id] WindowsEditor(7,Akshar) [Debug] 1 [PackageName] WindowsEditor [ProjectName] Editor" 

Player connection [22320]  * "[IP] 192.168.0.142 [Port] 0 [Flags] 2 [Guid] 2129552512 [EditorId] 2129552512 [Version] 1048832 [Id] WindowsEditor(7,Akshar) [Debug] 1 [PackageName] WindowsEditor [ProjectName] Editor" 

Player connection [22320] Host joined multi-casting on [225.0.0.222:54997]...
Player connection [22320] Host joined alternative multi-casting on [225.0.0.222:34997]...
JobSystem: Creating JobQueue using job-worker-count value 7
[Physics::Module] Initialized fallback backend.
[Physics::Module] Id: 0xdecafbad
Library Redirect Path: Library/
[Physics::Module] Selected backend.
[Physics::Module] Name: PhysX
[Physics::Module] Id: 0xf2b8ea05
[Physics::Module] SDK Version: 4.1.2
[Physics::Module] Integration Version: 1.0.0
[Physics::Module] Threading Mode: Multi-Threaded
Refreshing native plugins compatible for Editor in 211.39 ms, found 4 plugins.
Preloading 0 native plugins for Editor in 0.00 ms.
Initialize engine version: 6000.0.31f1 (a206c360e2a8)
[Subsystems] Discovering subsystems at path C:/Program Files/Unity/Hub/Editor/6000.0.31f1/Editor/Data/Resources/UnitySubsystems
[Subsystems] Discovering subsystems at path C:/GitDump/My-project-portfolio/Assets
GfxDevice: creating device client; kGfxThreadingModeNonThreaded
Direct3D:
    Version:  Direct3D 11.0 [level 11.1]
    Renderer: NVIDIA GeForce RTX 3060 Laptop GPU (ID=0x2520)
    Vendor:   NVIDIA
    VRAM:     5996 MB
    Driver:   32.0.15.6636
Initialize mono
Mono path[0] = 'C:/Program Files/Unity/Hub/Editor/6000.0.31f1/Editor/Data/Managed'
Mono path[1] = 'C:/Program Files/Unity/Hub/Editor/6000.0.31f1/Editor/Data/MonoBleedingEdge/lib/mono/unityjit-win32'
Mono config path = 'C:/Program Files/Unity/Hub/Editor/6000.0.31f1/Editor/Data/MonoBleedingEdge/etc'
Using monoOptions --debugger-agent=transport=dt_socket,embedding=1,server=y,suspend=n,address=127.0.0.1:56352
Begin MonoManager ReloadAssembly
Registering precompiled unity dll's ...
Register platform support module: C:/Program Files/Unity/Hub/Editor/6000.0.31f1/Editor/Data/PlaybackEngines/WindowsStandaloneSupport/UnityEditor.WindowsStandalone.Extensions.dll
Register platform support module: C:/Program Files/Unity/Hub/Editor/6000.0.31f1/Editor/Data/PlaybackEngines/MetroSupport/UnityEditor.UWP.Extensions.dll
Registered in 0.006389 seconds.
- Loaded All Assemblies, in  0.507 seconds
Native extension for UWP target not found
Native extension for WindowsStandalone target not found
Mono: successfully reloaded assembly
- Finished resetting the current domain, in  0.415 seconds
Domain Reload Profiling: 919ms
	BeginReloadAssembly (175ms)
		ExecutionOrderSort (0ms)
		DisableScriptedObjects (0ms)
		BackupInstance (0ms)
		ReleaseScriptingObjects (0ms)
		CreateAndSetChildDomain (1ms)
	RebuildCommonClasses (45ms)
	RebuildNativeTypeToScriptingClass (14ms)
	initialDomainReloadingComplete (63ms)
	LoadAllAssembliesAndSetupDomain (207ms)
		LoadAssemblies (171ms)
		RebuildTransferFunctionScriptingTraits (0ms)
		AnalyzeDomain (203ms)
			TypeCache.Refresh (202ms)
				TypeCache.ScanAssembly (185ms)
			BuildScriptInfoCaches (0ms)
			ResolveRequiredComponents (1ms)
	FinalizeReload (416ms)
		ReleaseScriptCaches (0ms)
		RebuildScriptCaches (0ms)
		SetupLoadedEditorAssemblies (354ms)
			LogAssemblyErrors (0ms)
			InitializePlatformSupportModulesInManaged (42ms)
			SetLoadedEditorAssemblies (6ms)
			BeforeProcessingInitializeOnLoad (69ms)
			ProcessInitializeOnLoadAttributes (174ms)
			ProcessInitializeOnLoadMethodAttributes (64ms)
			AfterProcessingInitializeOnLoad (0ms)
			EditorAssembliesLoaded (0ms)
		ExecutionOrderSort2 (0ms)
		AwakeInstancesAfterBackupRestoration (0ms)
Assembly reference Packages/com.unity.cinemachine/Editor/Samples/ExposeHDRPInternals/HDRP-Editor-ref.asmref has no target assembly definition
========================================================================
Worker process is ready to serve import requests
Import Worker Mode flag is 0x00
Assembly reference Packages/com.unity.cinemachine/Editor/Samples/ExposeHDRPInternals/HDRP-Editor-ref.asmref has no target assembly definition
Assembly reference Packages/com.unity.cinemachine/Editor/Samples/ExposeHDRPInternals/HDRP-Editor-ref.asmref has no target assembly definition
Begin MonoManager ReloadAssembly
- Loaded All Assemblies, in  1.132 seconds
Assembly reference Packages/com.unity.cinemachine/Editor/Samples/ExposeHDRPInternals/HDRP-Editor-ref.asmref has no target assembly definition
'Packages/com.unity.cinemachine/Editor/Obsolete/CinemachineVirtualCameraBaseEditor.cs' contains partial class of Unity.Object, exactly 1 of the partial classes needs to be in a file with the same filename. This is to know the one that can be referenced from ie. GameObjects
'Packages/com.unity.cinemachine/Editor/Editors/CinemachineVirtualCameraBaseEditor.cs' contains partial class of Unity.Object, exactly 1 of the partial classes needs to be in a file with the same filename. This is to know the one that can be referenced from ie. GameObjects
Refreshing native plugins compatible for Editor in 2.50 ms, found 4 plugins.
Native extension for UWP target not found
Native extension for WindowsStandalone target not found
Assembly reference Packages/com.unity.cinemachine/Editor/Samples/ExposeHDRPInternals/HDRP-Editor-ref.asmref has no target assembly definition
Package Manager log level set to [2]
[Package Manager] Failed to launch server process. Reason: Unity was launched with the -noUpm command-line argument
[Package Manager] Unable to send message (not connected to server process).
[Package Manager] Cannot connect to Unity Package Manager local server
Mono: successfully reloaded assembly
- Finished resetting the current domain, in  0.855 seconds
Domain Reload Profiling: 1980ms
	BeginReloadAssembly (217ms)
		ExecutionOrderSort (0ms)
		DisableScriptedObjects (7ms)
		BackupInstance (0ms)
		ReleaseScriptingObjects (0ms)
		CreateAndSetChildDomain (38ms)
	RebuildCommonClasses (45ms)
	RebuildNativeTypeToScriptingClass (15ms)
	initialDomainReloadingComplete (47ms)
	LoadAllAssembliesAndSetupDomain (800ms)
		LoadAssemblies (544ms)
		RebuildTransferFunctionScriptingTraits (0ms)
		AnalyzeDomain (390ms)
			TypeCache.Refresh (280ms)
				TypeCache.ScanAssembly (259ms)
			BuildScriptInfoCaches (93ms)
			ResolveRequiredComponents (14ms)
	FinalizeReload (855ms)
		ReleaseScriptCaches (0ms)
		RebuildScriptCaches (0ms)
		SetupLoadedEditorAssemblies (719ms)
			LogAssemblyErrors (0ms)
			InitializePlatformSupportModulesInManaged (3ms)
			SetLoadedEditorAssemblies (4ms)
			BeforeProcessingInitializeOnLoad (149ms)
			ProcessInitializeOnLoadAttributes (476ms)
			ProcessInitializeOnLoadMethodAttributes (79ms)
			AfterProcessingInitializeOnLoad (8ms)
			EditorAssembliesLoaded (0ms)
		ExecutionOrderSort2 (0ms)
		AwakeInstancesAfterBackupRestoration (9ms)
Launched and connected shader compiler UnityShaderCompiler.exe after 0.02 seconds
Refreshing native plugins compatible for Editor in 2.79 ms, found 4 plugins.
Preloading 0 native plugins for Editor in 0.00 ms.
Unloading 150 Unused Serialized files (Serialized files now loaded: 0)
Unloading 6805 unused Assets / (6.7 MB). Loaded Objects now: 7368.
Memory consumption went from 158.5 MB to 151.7 MB.
Total: 11.919800 ms (FindLiveObjects: 0.878700 ms CreateObjectMapping: 0.944400 ms MarkObjects: 5.962900 ms  DeleteObjects: 4.132200 ms)

========================================================================
Received Import Request.
  Time since last request: 877452.028096 seconds.
  path: Assets/DefaultVolumeProfile.asset
  artifactKey: Guid(59d5006b0d04ada4fae31b3ac30e8476) Importer(815301076,1909f56bfc062723c751e8b465ee728b)
Start importing Assets/DefaultVolumeProfile.asset using Guid(59d5006b0d04ada4fae31b3ac30e8476) Importer(815301076,1909f56bfc062723c751e8b465ee728b) (PreviewImporter) -> (artifact id: '32449a9cdd539707a1f33e8289281dd7') in 0.0244438 seconds
Number of updated asset objects reloaded before import = 0Number of asset objects unloaded after import = 1

========================================================================
Received Import Request.
  Time since last request: 105.734223 seconds.
  path: Assets/UIstuffs/BounceToBall.uxml
  artifactKey: Guid(fa920372e1dee0a46a9995d0729fb26e) Importer(815301076,1909f56bfc062723c751e8b465ee728b)
Start importing Assets/UIstuffs/BounceToBall.uxml using Guid(fa920372e1dee0a46a9995d0729fb26e) Importer(815301076,1909f56bfc062723c751e8b465ee728b) (PreviewImporter) -> (artifact id: '931ed9976adf8579a725c12f9f6ad389') in 0.0795925 seconds
Number of updated asset objects reloaded before import = 0Number of asset objects unloaded after import = 10

========================================================================
Received Import Request.
  Time since last request: 0.000021 seconds.
  path: Assets/UIstuffs/HardBeingTheSmartest.uxml
  artifactKey: Guid(bad6efc91a2547d48940bc119362f2a7) Importer(815301076,1909f56bfc062723c751e8b465ee728b)
Start importing Assets/UIstuffs/HardBeingTheSmartest.uxml using Guid(bad6efc91a2547d48940bc119362f2a7) Importer(815301076,1909f56bfc062723c751e8b465ee728b) (PreviewImporter) -> (artifact id: '8c5acebc8d2db13592b9932e39db6ad7') in 0.0170778 seconds
Number of updated asset objects reloaded before import = 0Number of asset objects unloaded after import = 10

========================================================================
Received Import Request.
  Time since last request: 0.000027 seconds.
  path: Assets/UIstuffs/LinkedIN.uxml
  artifactKey: Guid(0c00206df0d52654d8726d7d59a2c78d) Importer(815301076,1909f56bfc062723c751e8b465ee728b)
Start importing Assets/UIstuffs/LinkedIN.uxml using Guid(0c00206df0d52654d8726d7d59a2c78d) Importer(815301076,1909f56bfc062723c751e8b465ee728b) (PreviewImporter) -> (artifact id: 'd3a82e4969b01bd7a7e00bcbf11e87cd') in 0.0209497 seconds
Number of updated asset objects reloaded before import = 0Number of asset objects unloaded after import = 10

========================================================================
Received Import Request.
  Time since last request: 0.000017 seconds.
  path: Assets/UIstuffs/ProgressBar.uss
  artifactKey: Guid(b63c62efc71723a40aa6534f6e53d8bb) Importer(815301076,1909f56bfc062723c751e8b465ee728b)
Start importing Assets/UIstuffs/ProgressBar.uss using Guid(b63c62efc71723a40aa6534f6e53d8bb) Importer(815301076,1909f56bfc062723c751e8b465ee728b) (PreviewImporter) -> (artifact id: '42df33039c90528fb01008d6298950d7') in 0.003397 seconds
Number of updated asset objects reloaded before import = 0Number of asset objects unloaded after import = 1

========================================================================
Received Import Request.
  Time since last request: 0.000034 seconds.
  path: Assets/UIstuffs/Drawing.uxml
  artifactKey: Guid(811ca77efb7407a449fc31cf71112566) Importer(815301076,1909f56bfc062723c751e8b465ee728b)
Start importing Assets/UIstuffs/Drawing.uxml using Guid(811ca77efb7407a449fc31cf71112566) Importer(815301076,1909f56bfc062723c751e8b465ee728b) (PreviewImporter) -> (artifact id: 'b3112aa07be2b9e0c6813dc6921ca5bd') in 0.0171031 seconds
Number of updated asset objects reloaded before import = 0Number of asset objects unloaded after import = 10

========================================================================
Received Import Request.
  Time since last request: 0.000018 seconds.
  path: Assets/UIstuffs/Hobbies.uxml
  artifactKey: Guid(23968c48684a25146af7bd868d31edc6) Importer(815301076,1909f56bfc062723c751e8b465ee728b)
Start importing Assets/UIstuffs/Hobbies.uxml using Guid(23968c48684a25146af7bd868d31edc6) Importer(815301076,1909f56bfc062723c751e8b465ee728b) (PreviewImporter) -> (artifact id: 'be722f62796bf58274d2c34ba42989e6') in 0.0196331 seconds
Number of updated asset objects reloaded before import = 0Number of asset objects unloaded after import = 10

========================================================================
Received Import Request.
  Time since last request: 0.000018 seconds.
  path: Assets/UIstuffs/GoResume.uxml
  artifactKey: Guid(fd62f4052c3c7fa4092c2368f7035bcd) Importer(815301076,1909f56bfc062723c751e8b465ee728b)
Start importing Assets/UIstuffs/GoResume.uxml using Guid(fd62f4052c3c7fa4092c2368f7035bcd) Importer(815301076,1909f56bfc062723c751e8b465ee728b) (PreviewImporter) -> (artifact id: '5a80933740c874180cdb35e29d843d2c') in 0.0162936 seconds
Number of updated asset objects reloaded before import = 0Number of asset objects unloaded after import = 10

========================================================================
Received Import Request.
  Time since last request: 0.000017 seconds.
  path: Assets/UIstuffs/OnScreenPanleSettings.asset
  artifactKey: Guid(82ed81180cbc92c468e009f04167215b) Importer(815301076,1909f56bfc062723c751e8b465ee728b)
Start importing Assets/UIstuffs/OnScreenPanleSettings.asset using Guid(82ed81180cbc92c468e009f04167215b) Importer(815301076,1909f56bfc062723c751e8b465ee728b) (PreviewImporter) -> (artifact id: 'ee209fa7031dadf971f0465f12e47eb9') in 0.018491 seconds
Number of updated asset objects reloaded before import = 0Number of asset objects unloaded after import = 26

========================================================================
Received Import Request.
  Time since last request: 0.000016 seconds.
  path: Assets/UIstuffs/Nier.uxml
  artifactKey: Guid(489f23a05d7faa24e865ab062917066e) Importer(815301076,1909f56bfc062723c751e8b465ee728b)
Start importing Assets/UIstuffs/Nier.uxml using Guid(489f23a05d7faa24e865ab062917066e) Importer(815301076,1909f56bfc062723c751e8b465ee728b) (PreviewImporter) -> (artifact id: '2f5dada8862fa4a7fd118b930ed0a2b1') in 0.0258483 seconds
Number of updated asset objects reloaded before import = 0Number of asset objects unloaded after import = 11

========================================================================
Received Import Request.
  Time since last request: 0.000016 seconds.
  path: Assets/UIstuffs/MiaamGame.uxml
  artifactKey: Guid(41e2ec477ee00494b8c1bfc797aed09f) Importer(815301076,1909f56bfc062723c751e8b465ee728b)
Start importing Assets/UIstuffs/MiaamGame.uxml using Guid(41e2ec477ee00494b8c1bfc797aed09f) Importer(815301076,1909f56bfc062723c751e8b465ee728b) (PreviewImporter) -> (artifact id: '015e57403329f29f21c712d894faff76') in 0.014287 seconds
Number of updated asset objects reloaded before import = 0Number of asset objects unloaded after import = 10

========================================================================
Received Import Request.
  Time since last request: 0.000020 seconds.
  path: Assets/UIstuffs/EDUui.uxml
  artifactKey: Guid(ac53612ab9a4af347885f375c1d1d7a8) Importer(815301076,1909f56bfc062723c751e8b465ee728b)
Start importing Assets/UIstuffs/EDUui.uxml using Guid(ac53612ab9a4af347885f375c1d1d7a8) Importer(815301076,1909f56bfc062723c751e8b465ee728b) (PreviewImporter) -> (artifact id: 'e66489283919fbb624279e76e3f4803b') in 0.0156912 seconds
Number of updated asset objects reloaded before import = 0Number of asset objects unloaded after import = 10

========================================================================
Received Import Request.
  Time since last request: 87.809872 seconds.
  path: Assets/New Universal Render Pipeline Asset_Renderer.asset
  artifactKey: Guid(6106529cdb3042e49b67b23c500e4f62) Importer(815301076,1909f56bfc062723c751e8b465ee728b)
Start importing Assets/New Universal Render Pipeline Asset_Renderer.asset using Guid(6106529cdb3042e49b67b23c500e4f62) Importer(815301076,1909f56bfc062723c751e8b465ee728b) (PreviewImporter) -> (artifact id: '79a17af6f2beb2068c10eba12a80f045') in 0.0275852 seconds
Number of updated asset objects reloaded before import = 0Number of asset objects unloaded after import = 47

========================================================================
Received Prepare
Refreshing native plugins compatible for Editor in 2.64 ms, found 4 plugins.
Preloading 0 native plugins for Editor in 0.00 ms.
Unloading 82 Unused Serialized files (Serialized files now loaded: 0)
Unloading 33 unused Assets / (3.1 MB). Loaded Objects now: 7423.
Memory consumption went from 132.7 MB to 129.7 MB.
Total: 10.034000 ms (FindLiveObjects: 0.495500 ms CreateObjectMapping: 0.250100 ms MarkObjects: 8.244200 ms  DeleteObjects: 1.042700 ms)

Prepare: number of updated asset objects reloaded= 0
========================================================================
Received Import Request.
  Time since last request: 63.741716 seconds.
  path: Assets/New Universal Render Pipeline Asset.asset
  artifactKey: Guid(cdd93f0abb86daf429a417a0feee9045) Importer(815301076,1909f56bfc062723c751e8b465ee728b)
Start importing Assets/New Universal Render Pipeline Asset.asset using Guid(cdd93f0abb86daf429a417a0feee9045) Importer(815301076,1909f56bfc062723c751e8b465ee728b) (PreviewImporter) -> (artifact id: '8bc4f3795fa3ab542e7651121f9bc879') in 0.0093666 seconds
Number of updated asset objects reloaded before import = 0Number of asset objects unloaded after import = 0

========================================================================
Received Import Request.
  Time since last request: 0.000023 seconds.
  path: Assets/New Universal Render Pipeline Asset_Renderer.asset
  artifactKey: Guid(6106529cdb3042e49b67b23c500e4f62) Importer(815301076,1909f56bfc062723c751e8b465ee728b)
Start importing Assets/New Universal Render Pipeline Asset_Renderer.asset using Guid(6106529cdb3042e49b67b23c500e4f62) Importer(815301076,1909f56bfc062723c751e8b465ee728b) (PreviewImporter) -> (artifact id: '7f2b1c896503bcee29627bb645eea305') in 0.0013932 seconds
Number of updated asset objects reloaded before import = 0Number of asset objects unloaded after import = 0

========================================================================
Received Import Request.
  Time since last request: 46.635959 seconds.
  path: Assets/TextMesh Pro/Examples & Extras/Resources/Fonts & Materials/Anton SDF - Outline.mat
  artifactKey: Guid(a00013af81304728b2be1f4309ee2433) Importer(815301076,1909f56bfc062723c751e8b465ee728b)
Start importing Assets/TextMesh Pro/Examples & Extras/Resources/Fonts & Materials/Anton SDF - Outline.mat using Guid(a00013af81304728b2be1f4309ee2433) Importer(815301076,1909f56bfc062723c751e8b465ee728b) (PreviewImporter) -> (artifact id: '57ba83ecea7a75dcda4afb56bd54b0c6') in 0.4423641 seconds
Number of updated asset objects reloaded before import = 0Number of asset objects unloaded after import = 3

========================================================================
Received Import Request.
  Time since last request: 0.000048 seconds.
  path: Assets/TextMesh Pro/Examples & Extras/Resources/Fonts & Materials/Anton SDF.asset
  artifactKey: Guid(8a89fa14b10d46a99122fd4f73fca9a2) Importer(815301076,1909f56bfc062723c751e8b465ee728b)
Start importing Assets/TextMesh Pro/Examples & Extras/Resources/Fonts & Materials/Anton SDF.asset using Guid(8a89fa14b10d46a99122fd4f73fca9a2) Importer(815301076,1909f56bfc062723c751e8b465ee728b) (PreviewImporter) -> (artifact id: '337c37cf7f511a967d27c102c55b808b') in 0.0347247 seconds
Number of updated asset objects reloaded before import = 0Number of asset objects unloaded after import = 6

========================================================================
Received Import Request.
  Time since last request: 0.000032 seconds.
  path: Assets/Props/Texts/Uprojects.obj
  artifactKey: Guid(fec53c885631c11479c76b612b2f9c20) Importer(815301076,1909f56bfc062723c751e8b465ee728b)
Start importing Assets/Props/Texts/Uprojects.obj using Guid(fec53c885631c11479c76b612b2f9c20) Importer(815301076,1909f56bfc062723c751e8b465ee728b) (PreviewImporter) -> (artifact id: '172b9f361af8d312d927bfa3c7f7ae52') in 0.465982 seconds
Number of updated asset objects reloaded before import = 0Number of asset objects unloaded after import = 10

========================================================================
Received Import Request.
  Time since last request: 0.000027 seconds.
  path: Assets/TextMesh Pro/Examples & Extras/Resources/Fonts & Materials/Bangers SDF - Outline.mat
  artifactKey: Guid(f629c6e43dba4bf38cb74d8860150664) Importer(815301076,1909f56bfc062723c751e8b465ee728b)
Start importing Assets/TextMesh Pro/Examples & Extras/Resources/Fonts & Materials/Bangers SDF - Outline.mat using Guid(f629c6e43dba4bf38cb74d8860150664) Importer(815301076,1909f56bfc062723c751e8b465ee728b) (PreviewImporter) -> (artifact id: '53f31661da1d416106a77383bfa0e3b6') in 0.0234829 seconds
Number of updated asset objects reloaded before import = 0Number of asset objects unloaded after import = 2

========================================================================
Received Import Request.
  Time since last request: 0.000031 seconds.
  path: Assets/TextMesh Pro/Examples & Extras/Resources/Fonts & Materials/Bangers SDF - Drop Shadow - 2 Pass.mat
  artifactKey: Guid(947a44964e53bf0448ff698b2a2219c0) Importer(815301076,1909f56bfc062723c751e8b465ee728b)
Start importing Assets/TextMesh Pro/Examples & Extras/Resources/Fonts & Materials/Bangers SDF - Drop Shadow - 2 Pass.mat using Guid(947a44964e53bf0448ff698b2a2219c0) Importer(815301076,1909f56bfc062723c751e8b465ee728b) (PreviewImporter) -> (artifact id: 'ce4487009bfe8c6d88420b477295434d') in 0.0661131 seconds
Number of updated asset objects reloaded before import = 0Number of asset objects unloaded after import = 2

========================================================================
Received Import Request.
  Time since last request: 0.000022 seconds.
  path: Assets/TextMesh Pro/Examples & Extras/Resources/Fonts & Materials/Anton SDF - Sunny Days.mat
  artifactKey: Guid(6522f30e342599e4e9dd4cc2cc03c830) Importer(815301076,1909f56bfc062723c751e8b465ee728b)
Start importing Assets/TextMesh Pro/Examples & Extras/Resources/Fonts & Materials/Anton SDF - Sunny Days.mat using Guid(6522f30e342599e4e9dd4cc2cc03c830) Importer(815301076,1909f56bfc062723c751e8b465ee728b) (PreviewImporter) -> (artifact id: 'c047d02e77eaff53e3a9a9c28e770887') in 0.0798275 seconds
Number of updated asset objects reloaded before import = 0Number of asset objects unloaded after import = 4

========================================================================
Received Import Request.
  Time since last request: 0.000022 seconds.
  path: Assets/TextMesh Pro/Examples & Extras/Materials/Crate - Surface Shader Scene.mat
  artifactKey: Guid(e6b9b44320f4448d9d5e0ee634259966) Importer(815301076,1909f56bfc062723c751e8b465ee728b)
Start importing Assets/TextMesh Pro/Examples & Extras/Materials/Crate - Surface Shader Scene.mat using Guid(e6b9b44320f4448d9d5e0ee634259966) Importer(815301076,1909f56bfc062723c751e8b465ee728b) (PreviewImporter) -> (artifact id: '094bdedb31bc520f001d56eea28438e0') in 0.0188616 seconds
Number of updated asset objects reloaded before import = 0Number of asset objects unloaded after import = 3

========================================================================
Received Import Request.
  Time since last request: 0.000025 seconds.
  path: Assets/TextMesh Pro/Examples & Extras/Resources/Fonts & Materials/Bangers SDF - Drop Shadow.mat
  artifactKey: Guid(f2dcf029949142e28b974630369c8b4e) Importer(815301076,1909f56bfc062723c751e8b465ee728b)
Start importing Assets/TextMesh Pro/Examples & Extras/Resources/Fonts & Materials/Bangers SDF - Drop Shadow.mat using Guid(f2dcf029949142e28b974630369c8b4e) Importer(815301076,1909f56bfc062723c751e8b465ee728b) (PreviewImporter) -> (artifact id: 'b200ae2ce215c20b84c669c568c97969') in 0.0556979 seconds
Number of updated asset objects reloaded before import = 0Number of asset objects unloaded after import = 2

========================================================================
Received Import Request.
  Time since last request: 0.000041 seconds.
  path: Assets/Props/Materials/BulletMat.mat
  artifactKey: Guid(dd2bbd5686e72054ba040e43d3758146) Importer(815301076,1909f56bfc062723c751e8b465ee728b)
Start importing Assets/Props/Materials/BulletMat.mat using Guid(dd2bbd5686e72054ba040e43d3758146) Importer(815301076,1909f56bfc062723c751e8b465ee728b) (PreviewImporter) -> (artifact id: 'b091237b1f854d9ad63a66e8046f048f') in 0.0074938 seconds
Number of updated asset objects reloaded before import = 0Number of asset objects unloaded after import = 1

========================================================================
Received Import Request.
  Time since last request: 0.000023 seconds.
  path: Assets/Props/Environment/3D icons/Github.mtl.obj
  artifactKey: Guid(e4f61505c3b1f0c40ad62f80825ba3d7) Importer(815301076,1909f56bfc062723c751e8b465ee728b)
Start importing Assets/Props/Environment/3D icons/Github.mtl.obj using Guid(e4f61505c3b1f0c40ad62f80825ba3d7) Importer(815301076,1909f56bfc062723c751e8b465ee728b) (PreviewImporter) -> (artifact id: '0e276b3bd28c12b9c7db9ffcf09a1b17') in 0.0313469 seconds
Number of updated asset objects reloaded before import = 0Number of asset objects unloaded after import = 10

========================================================================
Received Import Request.
  Time since last request: 0.000025 seconds.
  path: Assets/Props/Texts/akshar.obj
  artifactKey: Guid(3c93a142d76ffe947aed6f755fc7be6d) Importer(815301076,1909f56bfc062723c751e8b465ee728b)
Start importing Assets/Props/Texts/akshar.obj using Guid(3c93a142d76ffe947aed6f755fc7be6d) Importer(815301076,1909f56bfc062723c751e8b465ee728b) (PreviewImporter) -> (artifact id: '82be3d609e06993c8eb15b4f0bd146e7') in 0.0262611 seconds
Number of updated asset objects reloaded before import = 0Number of asset objects unloaded after import = 10

========================================================================
Received Import Request.
  Time since last request: 0.000021 seconds.
  path: Assets/Props/Environment/ENV/defaultMat.mat
  artifactKey: Guid(836df379d9dc70d41aaa99dffb4c53e9) Importer(815301076,1909f56bfc062723c751e8b465ee728b)
Start importing Assets/Props/Environment/ENV/defaultMat.mat using Guid(836df379d9dc70d41aaa99dffb4c53e9) Importer(815301076,1909f56bfc062723c751e8b465ee728b) (PreviewImporter) -> (artifact id: '902556270af43f22447952af3bb2df68') in 0.0076543 seconds
Number of updated asset objects reloaded before import = 0Number of asset objects unloaded after import = 2

========================================================================
Received Import Request.
  Time since last request: 0.000023 seconds.
  path: Assets/TextMesh Pro/Examples & Extras/Resources/Fonts & Materials/Electronic Highway Sign SDF.asset
  artifactKey: Guid(dc36b3fdc14f47ebb36fd484a67e268a) Importer(815301076,1909f56bfc062723c751e8b465ee728b)
Start importing Assets/TextMesh Pro/Examples & Extras/Resources/Fonts & Materials/Electronic Highway Sign SDF.asset using Guid(dc36b3fdc14f47ebb36fd484a67e268a) Importer(815301076,1909f56bfc062723c751e8b465ee728b) (PreviewImporter) -> (artifact id: '51b1fda6adea18690e05f279a10d71a8') in 0.0182173 seconds
Number of updated asset objects reloaded before import = 0Number of asset objects unloaded after import = 6

========================================================================
Received Import Request.
  Time since last request: 0.000024 seconds.
  path: Assets/TextMesh Pro/Examples & Extras/Fonts/Unity.ttf
  artifactKey: Guid(f4eec857a4fdf2f43be0e9f3d1a984e7) Importer(815301076,1909f56bfc062723c751e8b465ee728b)
Start importing Assets/TextMesh Pro/Examples & Extras/Fonts/Unity.ttf using Guid(f4eec857a4fdf2f43be0e9f3d1a984e7) Importer(815301076,1909f56bfc062723c751e8b465ee728b) (PreviewImporter) -> (artifact id: '987037d3470ee8499bc2383f233101e3') in 0.0181291 seconds
Number of updated asset objects reloaded before import = 0Number of asset objects unloaded after import = 4

========================================================================
Received Import Request.
  Time since last request: 0.000036 seconds.
  path: Assets/TextMesh Pro/Examples & Extras/Fonts/Roboto-Bold.ttf
  artifactKey: Guid(4beb055f07aaff244873dec698d0363e) Importer(815301076,1909f56bfc062723c751e8b465ee728b)
Start importing Assets/TextMesh Pro/Examples & Extras/Fonts/Roboto-Bold.ttf using Guid(4beb055f07aaff244873dec698d0363e) Importer(815301076,1909f56bfc062723c751e8b465ee728b) (PreviewImporter) -> (artifact id: '64a32fa9e6031d63b09e11460ed5fe73') in 0.0122505 seconds
Number of updated asset objects reloaded before import = 0Number of asset objects unloaded after import = 4

========================================================================
Received Import Request.
  Time since last request: 0.000068 seconds.
  path: Assets/TextMesh Pro/Fonts/LiberationSans.ttf
  artifactKey: Guid(e3265ab4bf004d28a9537516768c1c75) Importer(815301076,1909f56bfc062723c751e8b465ee728b)
Start importing Assets/TextMesh Pro/Fonts/LiberationSans.ttf using Guid(e3265ab4bf004d28a9537516768c1c75) Importer(815301076,1909f56bfc062723c751e8b465ee728b) (PreviewImporter) -> (artifact id: '885814368b8a958a28f441afd492999d') in 0.0102266 seconds
Number of updated asset objects reloaded before import = 0Number of asset objects unloaded after import = 4

========================================================================
Received Import Request.
  Time since last request: 0.000022 seconds.
  path: Assets/Font/Epilogue/static/Epilogue-LightItalic.ttf
  artifactKey: Guid(67f0043504d818b4c855b400c8e37df5) Importer(815301076,1909f56bfc062723c751e8b465ee728b)
Start importing Assets/Font/Epilogue/static/Epilogue-LightItalic.ttf using Guid(67f0043504d818b4c855b400c8e37df5) Importer(815301076,1909f56bfc062723c751e8b465ee728b) (PreviewImporter) -> (artifact id: '684ecaf0722527a0cc20498a66dc8f6d') in 0.0100504 seconds
Number of updated asset objects reloaded before import = 0Number of asset objects unloaded after import = 4

========================================================================
Received Import Request.
  Time since last request: 0.000021 seconds.
  path: Assets/Font/Epilogue/static/Epilogue-Light.ttf
  artifactKey: Guid(e42bb664e8a694c44861f38a0e555631) Importer(815301076,1909f56bfc062723c751e8b465ee728b)
Start importing Assets/Font/Epilogue/static/Epilogue-Light.ttf using Guid(e42bb664e8a694c44861f38a0e555631) Importer(815301076,1909f56bfc062723c751e8b465ee728b) (PreviewImporter) -> (artifact id: 'e4090f01a36d43d5ee45ba601da635eb') in 0.0106523 seconds
Number of updated asset objects reloaded before import = 0Number of asset objects unloaded after import = 4

========================================================================
Received Import Request.
  Time since last request: 0.000028 seconds.
  path: Assets/Font/Epilogue/static/Epilogue-ExtraLight.ttf
  artifactKey: Guid(65411b6ae4997ab4fae5d11765f0297b) Importer(815301076,1909f56bfc062723c751e8b465ee728b)
Start importing Assets/Font/Epilogue/static/Epilogue-ExtraLight.ttf using Guid(65411b6ae4997ab4fae5d11765f0297b) Importer(815301076,1909f56bfc062723c751e8b465ee728b) (PreviewImporter) -> (artifact id: '27361633fc3a845afaab8414ea0e7a15') in 0.0102958 seconds
Number of updated asset objects reloaded before import = 0Number of asset objects unloaded after import = 4

========================================================================
Received Import Request.
  Time since last request: 0.000023 seconds.
  path: Assets/Font/Epilogue/static/Epilogue-ExtraLightItalic.ttf
  artifactKey: Guid(7b61463aa0556a54489d35ffd2841d26) Importer(815301076,1909f56bfc062723c751e8b465ee728b)
Start importing Assets/Font/Epilogue/static/Epilogue-ExtraLightItalic.ttf using Guid(7b61463aa0556a54489d35ffd2841d26) Importer(815301076,1909f56bfc062723c751e8b465ee728b) (PreviewImporter) -> (artifact id: 'e93926c84b328bf62d4f21314f91711b') in 0.0099984 seconds
Number of updated asset objects reloaded before import = 0Number of asset objects unloaded after import = 4

========================================================================
Received Import Request.
  Time since last request: 0.000033 seconds.
  path: Assets/Font/Epilogue/static/Epilogue-ThinItalic.ttf
  artifactKey: Guid(22c635074863bfd459f6773c16a7c84f) Importer(815301076,1909f56bfc062723c751e8b465ee728b)
Start importing Assets/Font/Epilogue/static/Epilogue-ThinItalic.ttf using Guid(22c635074863bfd459f6773c16a7c84f) Importer(815301076,1909f56bfc062723c751e8b465ee728b) (PreviewImporter) -> (artifact id: 'b77ba3ee5ec83290fa14ef11d9ec35a1') in 0.0118191 seconds
Number of updated asset objects reloaded before import = 0Number of asset objects unloaded after import = 4

========================================================================
Received Import Request.
  Time since last request: 0.000020 seconds.
  path: Assets/TextMesh Pro/Examples & Extras/Resources/Fonts & Materials/Bangers SDF Glow.mat
  artifactKey: Guid(d75b8f41e959450c84ac6e967084d3e1) Importer(815301076,1909f56bfc062723c751e8b465ee728b)
Start importing Assets/TextMesh Pro/Examples & Extras/Resources/Fonts & Materials/Bangers SDF Glow.mat using Guid(d75b8f41e959450c84ac6e967084d3e1) Importer(815301076,1909f56bfc062723c751e8b465ee728b) (PreviewImporter) -> (artifact id: 'ddc36dc95131cf9fe29101a05055f7e9') in 0.0776489 seconds
Number of updated asset objects reloaded before import = 0Number of asset objects unloaded after import = 3

========================================================================
Received Import Request.
  Time since last request: 0.000020 seconds.
  path: Assets/Props/Texts/Pprojects.obj
  artifactKey: Guid(c25ee3db9314c4a4ba0411244fa1f245) Importer(815301076,1909f56bfc062723c751e8b465ee728b)
Start importing Assets/Props/Texts/Pprojects.obj using Guid(c25ee3db9314c4a4ba0411244fa1f245) Importer(815301076,1909f56bfc062723c751e8b465ee728b) (PreviewImporter) -> (artifact id: '801dc8ca540b7c943e61bcb9a568bb64') in 0.0263731 seconds
Number of updated asset objects reloaded before import = 0Number of asset objects unloaded after import = 10

========================================================================
Received Import Request.
  Time since last request: 0.000027 seconds.
  path: Assets/Font/Epilogue/static/Epilogue-BlackItalic.ttf
  artifactKey: Guid(3d0ee1f1f642c9247812e605f1f863b4) Importer(815301076,1909f56bfc062723c751e8b465ee728b)
Start importing Assets/Font/Epilogue/static/Epilogue-BlackItalic.ttf using Guid(3d0ee1f1f642c9247812e605f1f863b4) Importer(815301076,1909f56bfc062723c751e8b465ee728b) (PreviewImporter) -> (artifact id: '65a26102075585c70426a05fc04443eb') in 0.0107914 seconds
Number of updated asset objects reloaded before import = 0Number of asset objects unloaded after import = 4

========================================================================
Received Import Request.
  Time since last request: 0.000033 seconds.
  path: Assets/Font/Epilogue/static/Epilogue-BoldItalic.ttf
  artifactKey: Guid(4f39aa557ea85f045b04c23bd75703af) Importer(815301076,1909f56bfc062723c751e8b465ee728b)
Start importing Assets/Font/Epilogue/static/Epilogue-BoldItalic.ttf using Guid(4f39aa557ea85f045b04c23bd75703af) Importer(815301076,1909f56bfc062723c751e8b465ee728b) (PreviewImporter) -> (artifact id: '4c0b343d10054dd42ee4e5f6487ed3a0') in 0.0094972 seconds
Number of updated asset objects reloaded before import = 0Number of asset objects unloaded after import = 4

========================================================================
Received Import Request.
  Time since last request: 0.000022 seconds.
  path: Assets/TextMesh Pro/Examples & Extras/Materials/Ground - Surface Shader Scene.mat
  artifactKey: Guid(aadd5a709a48466c887296bb5b1b8110) Importer(815301076,1909f56bfc062723c751e8b465ee728b)
Start importing Assets/TextMesh Pro/Examples & Extras/Materials/Ground - Surface Shader Scene.mat using Guid(aadd5a709a48466c887296bb5b1b8110) Importer(815301076,1909f56bfc062723c751e8b465ee728b) (PreviewImporter) -> (artifact id: '13102539da9c00ba675629fbdafd2e0d') in 0.007475 seconds
Number of updated asset objects reloaded before import = 0Number of asset objects unloaded after import = 2

========================================================================
Received Import Request.
  Time since last request: 0.000020 seconds.
  path: Assets/TextMesh Pro/Examples & Extras/Fonts/Bangers.ttf
  artifactKey: Guid(5dd49b3eacc540408c98eee0de38e0f1) Importer(815301076,1909f56bfc062723c751e8b465ee728b)
Start importing Assets/TextMesh Pro/Examples & Extras/Fonts/Bangers.ttf using Guid(5dd49b3eacc540408c98eee0de38e0f1) Importer(815301076,1909f56bfc062723c751e8b465ee728b) (PreviewImporter) -> (artifact id: '8085cf91030dc3e2b25b2baf499048aa') in 0.0106078 seconds
Number of updated asset objects reloaded before import = 0Number of asset objects unloaded after import = 4

========================================================================
Received Import Request.
  Time since last request: 0.000022 seconds.
  path: Assets/TextMesh Pro/Examples & Extras/Resources/Fonts & Materials/Bangers SDF Logo.mat
  artifactKey: Guid(f4e195ac1e204eff960149d1cb34e18c) Importer(815301076,1909f56bfc062723c751e8b465ee728b)
Start importing Assets/TextMesh Pro/Examples & Extras/Resources/Fonts & Materials/Bangers SDF Logo.mat using Guid(f4e195ac1e204eff960149d1cb34e18c) Importer(815301076,1909f56bfc062723c751e8b465ee728b) (PreviewImporter) -> (artifact id: '56d4043ede34314aae0f2ce987435c8d') in 0.0184903 seconds
Number of updated asset objects reloaded before import = 0Number of asset objects unloaded after import = 4

========================================================================
Received Import Request.
  Time since last request: 0.000022 seconds.
  path: Assets/TextMesh Pro/Examples & Extras/Materials/Ground - Logo Scene.mat
  artifactKey: Guid(c719e38f25a9480abd2480ab621a2949) Importer(815301076,1909f56bfc062723c751e8b465ee728b)
Start importing Assets/TextMesh Pro/Examples & Extras/Materials/Ground - Logo Scene.mat using Guid(c719e38f25a9480abd2480ab621a2949) Importer(815301076,1909f56bfc062723c751e8b465ee728b) (PreviewImporter) -> (artifact id: '1f7b0e6029a011c9f48d14d6de9b5ec4') in 0.0070772 seconds
Number of updated asset objects reloaded before import = 0Number of asset objects unloaded after import = 2

========================================================================
Received Import Request.
  Time since last request: 0.000030 seconds.
  path: Assets/TextMesh Pro/Examples & Extras/Materials/Ground - URP.mat
  artifactKey: Guid(71529b88994c1a341b22bc57c038674a) Importer(815301076,1909f56bfc062723c751e8b465ee728b)
Start importing Assets/TextMesh Pro/Examples & Extras/Materials/Ground - URP.mat using Guid(71529b88994c1a341b22bc57c038674a) Importer(815301076,1909f56bfc062723c751e8b465ee728b) (PreviewImporter) -> (artifact id: '8d5e58da1651bb3718888eab96946b40') in 0.2407101 seconds
Number of updated asset objects reloaded before import = 0Number of asset objects unloaded after import = 2

========================================================================
Received Import Request.
  Time since last request: 0.000025 seconds.
  path: Assets/Props/Environment/ENV/Xbox.obj
  artifactKey: Guid(43c56be8d40699c40a6b7a27ee70bda7) Importer(815301076,1909f56bfc062723c751e8b465ee728b)
Start importing Assets/Props/Environment/ENV/Xbox.obj using Guid(43c56be8d40699c40a6b7a27ee70bda7) Importer(815301076,1909f56bfc062723c751e8b465ee728b) (PreviewImporter) -> (artifact id: 'cb18a90cbb866e60bd455e3b8903ce4d') in 0.0252736 seconds
Number of updated asset objects reloaded before import = 0Number of asset objects unloaded after import = 10

========================================================================
Received Import Request.
  Time since last request: 0.000032 seconds.
  path: Assets/Props/Texts/Drawing.obj
  artifactKey: Guid(e32977f4edd4fe14c9722c40652a2e0a) Importer(815301076,1909f56bfc062723c751e8b465ee728b)
Start importing Assets/Props/Texts/Drawing.obj using Guid(e32977f4edd4fe14c9722c40652a2e0a) Importer(815301076,1909f56bfc062723c751e8b465ee728b) (PreviewImporter) -> (artifact id: 'a826194e1b1fe9a6793fc1caceee9825') in 0.0265626 seconds
Number of updated asset objects reloaded before import = 0Number of asset objects unloaded after import = 10

========================================================================
Received Import Request.
  Time since last request: 0.000022 seconds.
  path: Assets/Font/Epilogue/static/Epilogue-ExtraBoldItalic.ttf
  artifactKey: Guid(7f890271ba4b2e143b571403272ef95f) Importer(815301076,1909f56bfc062723c751e8b465ee728b)
Start importing Assets/Font/Epilogue/static/Epilogue-ExtraBoldItalic.ttf using Guid(7f890271ba4b2e143b571403272ef95f) Importer(815301076,1909f56bfc062723c751e8b465ee728b) (PreviewImporter) -> (artifact id: '643593e22721f530b3756bb54d386664') in 0.0098513 seconds
Number of updated asset objects reloaded before import = 0Number of asset objects unloaded after import = 4

========================================================================
Received Import Request.
  Time since last request: 0.000023 seconds.
  path: Assets/Font/Epilogue/static/Epilogue-Thin.ttf
  artifactKey: Guid(b2885f4619070a245a9c41f8d4b10cb7) Importer(815301076,1909f56bfc062723c751e8b465ee728b)
Start importing Assets/Font/Epilogue/static/Epilogue-Thin.ttf using Guid(b2885f4619070a245a9c41f8d4b10cb7) Importer(815301076,1909f56bfc062723c751e8b465ee728b) (PreviewImporter) -> (artifact id: 'ab4df53bee8f71b0da702abaad971a0d') in 0.0106246 seconds
Number of updated asset objects reloaded before import = 0Number of asset objects unloaded after import = 4

========================================================================
Received Import Request.
  Time since last request: 0.000023 seconds.
  path: Assets/Font/Epilogue/static/Epilogue-ExtraBold.ttf
  artifactKey: Guid(1a9092d0fca0284448c0e34c357a0f24) Importer(815301076,1909f56bfc062723c751e8b465ee728b)
Start importing Assets/Font/Epilogue/static/Epilogue-ExtraBold.ttf using Guid(1a9092d0fca0284448c0e34c357a0f24) Importer(815301076,1909f56bfc062723c751e8b465ee728b) (PreviewImporter) -> (artifact id: '559a13c5e96c9b7d711ada4cd29e873e') in 0.010934 seconds
Number of updated asset objects reloaded before import = 0Number of asset objects unloaded after import = 4

========================================================================
Received Import Request.
  Time since last request: 2.883285 seconds.
  path: Assets/TextMesh Pro/Examples & Extras/Resources/Fonts & Materials/LiberationSans SDF - Metalic Green.mat
  artifactKey: Guid(8b29aaa3eec7468097ff07adfcf29ac9) Importer(815301076,1909f56bfc062723c751e8b465ee728b)
Start importing Assets/TextMesh Pro/Examples & Extras/Resources/Fonts & Materials/LiberationSans SDF - Metalic Green.mat using Guid(8b29aaa3eec7468097ff07adfcf29ac9) Importer(815301076,1909f56bfc062723c751e8b465ee728b) (PreviewImporter) -> (artifact id: '1687b39b3a4f7c6c38de0d437eb3d992') in 0.1036531 seconds
Number of updated asset objects reloaded before import = 0Number of asset objects unloaded after import = 4

========================================================================
Received Import Request.
  Time since last request: 0.000021 seconds.
  path: Assets/Props/Environment/FreeSample/FreeSample/Rock_7.fbx
  artifactKey: Guid(08caf44fe3966064287766f6d377250d) Importer(815301076,1909f56bfc062723c751e8b465ee728b)
Start importing Assets/Props/Environment/FreeSample/FreeSample/Rock_7.fbx using Guid(08caf44fe3966064287766f6d377250d) Importer(815301076,1909f56bfc062723c751e8b465ee728b) (PreviewImporter) -> (artifact id: '423d1d09836cac3356d41db002b0cae5') in 0.0355183 seconds
Number of updated asset objects reloaded before import = 0Number of asset objects unloaded after import = 10

========================================================================
Received Import Request.
  Time since last request: 0.000023 seconds.
  path: Assets/Props/EXP/Advertising_6.fbx
  artifactKey: Guid(c1ebaa82aa6e9a747954b0a313f4cc0e) Importer(815301076,1909f56bfc062723c751e8b465ee728b)
Start importing Assets/Props/EXP/Advertising_6.fbx using Guid(c1ebaa82aa6e9a747954b0a313f4cc0e) Importer(815301076,1909f56bfc062723c751e8b465ee728b) (PreviewImporter) -> (artifact id: 'e16a3fd9abc0cee5a5d2c349346763eb') in 0.0272799 seconds
Number of updated asset objects reloaded before import = 0Number of asset objects unloaded after import = 9

========================================================================
Received Import Request.
  Time since last request: 0.000042 seconds.
  path: Assets/Props/Environment/FreeSample/FreeSample/GroundTile_010.fbx
  artifactKey: Guid(c8a1a941762a54f4e887a8d242b340cf) Importer(815301076,1909f56bfc062723c751e8b465ee728b)
Start importing Assets/Props/Environment/FreeSample/FreeSample/GroundTile_010.fbx using Guid(c8a1a941762a54f4e887a8d242b340cf) Importer(815301076,1909f56bfc062723c751e8b465ee728b) (PreviewImporter) -> (artifact id: '844dd4977ce0b8c1b0edaa898f848e2e') in 0.0277281 seconds
Number of updated asset objects reloaded before import = 0Number of asset objects unloaded after import = 10

========================================================================
Received Import Request.
  Time since last request: 0.000023 seconds.
  path: Assets/Props/Environment/FreeSample/FreeSample/SolarPanel_4.fbx
  artifactKey: Guid(5a807969e498d8c40a1a1fee913a126a) Importer(815301076,1909f56bfc062723c751e8b465ee728b)
Start importing Assets/Props/Environment/FreeSample/FreeSample/SolarPanel_4.fbx using Guid(5a807969e498d8c40a1a1fee913a126a) Importer(815301076,1909f56bfc062723c751e8b465ee728b) (PreviewImporter) -> (artifact id: '53cacd0d6dacaa0214eb22cd7b331bc6') in 0.0295236 seconds
Number of updated asset objects reloaded before import = 0Number of asset objects unloaded after import = 11

========================================================================
Received Import Request.
  Time since last request: 0.000020 seconds.
  path: Assets/Props/Environment/FreeSample/FreeSample/GroundTile_4.fbx
  artifactKey: Guid(fabe53c98e7c46e47a34e8a28c557216) Importer(815301076,1909f56bfc062723c751e8b465ee728b)
Start importing Assets/Props/Environment/FreeSample/FreeSample/GroundTile_4.fbx using Guid(fabe53c98e7c46e47a34e8a28c557216) Importer(815301076,1909f56bfc062723c751e8b465ee728b) (PreviewImporter) -> (artifact id: '3802cdcf20f8c0e1451b1743386ba792') in 0.0267269 seconds
Number of updated asset objects reloaded before import = 0Number of asset objects unloaded after import = 10

========================================================================
Received Import Request.
  Time since last request: 0.000031 seconds.
  path: Assets/TextMesh Pro/Resources/Fonts & Materials/LiberationSans SDF - Fallback.asset
  artifactKey: Guid(2e498d1c8094910479dc3e1b768306a4) Importer(815301076,1909f56bfc062723c751e8b465ee728b)
Start importing Assets/TextMesh Pro/Resources/Fonts & Materials/LiberationSans SDF - Fallback.asset using Guid(2e498d1c8094910479dc3e1b768306a4) Importer(815301076,1909f56bfc062723c751e8b465ee728b) (PreviewImporter) -> (artifact id: '5162cad24a561d5c55fa815bf81592fa') in 0.0172347 seconds
Number of updated asset objects reloaded before import = 0Number of asset objects unloaded after import = 6

========================================================================
Received Import Request.
  Time since last request: 0.000025 seconds.
  path: Assets/Props/EXP/Building_3.fbx
  artifactKey: Guid(4c8cbfaf728895f48a7d9f2a6ca8d14f) Importer(815301076,1909f56bfc062723c751e8b465ee728b)
Start importing Assets/Props/EXP/Building_3.fbx using Guid(4c8cbfaf728895f48a7d9f2a6ca8d14f) Importer(815301076,1909f56bfc062723c751e8b465ee728b) (PreviewImporter) -> (artifact id: '821c0b55db682aacb66e42253e30c51c') in 0.0271456 seconds
Number of updated asset objects reloaded before import = 0Number of asset objects unloaded after import = 9

========================================================================
Received Import Request.
  Time since last request: 0.000033 seconds.
  path: Assets/Props/Environment/FreeSample/FreeSample/Rock_5.fbx
  artifactKey: Guid(020ce406408c57946b5db9b7eda68c66) Importer(815301076,1909f56bfc062723c751e8b465ee728b)
Start importing Assets/Props/Environment/FreeSample/FreeSample/Rock_5.fbx using Guid(020ce406408c57946b5db9b7eda68c66) Importer(815301076,1909f56bfc062723c751e8b465ee728b) (PreviewImporter) -> (artifact id: '0a42e0ef25adb333dc371c22b8513958') in 0.0263637 seconds
Number of updated asset objects reloaded before import = 0Number of asset objects unloaded after import = 10

========================================================================
Received Import Request.
  Time since last request: 0.000024 seconds.
  path: Assets/TextMesh Pro/Resources/Fonts & Materials/LiberationSans SDF.asset
  artifactKey: Guid(8f586378b4e144a9851e7b34d9b748ee) Importer(815301076,1909f56bfc062723c751e8b465ee728b)
Start importing Assets/TextMesh Pro/Resources/Fonts & Materials/LiberationSans SDF.asset using Guid(8f586378b4e144a9851e7b34d9b748ee) Importer(815301076,1909f56bfc062723c751e8b465ee728b) (PreviewImporter) -> (artifact id: 'db76c4fe6d9ca0105c3fa7bb5d09f227') in 0.032601 seconds
Number of updated asset objects reloaded before import = 0Number of asset objects unloaded after import = 9

========================================================================
Received Import Request.
  Time since last request: 0.000030 seconds.
  path: Assets/TextMesh Pro/Examples & Extras/Materials/Small Crate_diffuse.mat
  artifactKey: Guid(22262639920f43d6be32430e4e58350d) Importer(815301076,1909f56bfc062723c751e8b465ee728b)
Start importing Assets/TextMesh Pro/Examples & Extras/Materials/Small Crate_diffuse.mat using Guid(22262639920f43d6be32430e4e58350d) Importer(815301076,1909f56bfc062723c751e8b465ee728b) (PreviewImporter) -> (artifact id: '328f95ea0399713f3cc6e66ecea8bc64') in 0.0073709 seconds
Number of updated asset objects reloaded before import = 0Number of asset objects unloaded after import = 3

========================================================================
Received Import Request.
  Time since last request: 0.000024 seconds.
  path: Assets/Props/Environment/3D icons/Github.obj
  artifactKey: Guid(1c0584077d3ae1842924c6ddf5a26683) Importer(815301076,1909f56bfc062723c751e8b465ee728b)
Start importing Assets/Props/Environment/3D icons/Github.obj using Guid(1c0584077d3ae1842924c6ddf5a26683) Importer(815301076,1909f56bfc062723c751e8b465ee728b) (PreviewImporter) -> (artifact id: '4d65258eb6efdd21959c703429d6a73f') in 0.0247195 seconds
Number of updated asset objects reloaded before import = 0Number of asset objects unloaded after import = 10

========================================================================
Received Import Request.
  Time since last request: 0.000027 seconds.
  path: Assets/TextMesh Pro/Shaders/TMP_SDF-HDRP UNLIT.shadergraph
  artifactKey: Guid(f63d574838ccfb44f84acc05fed0af48) Importer(815301076,1909f56bfc062723c751e8b465ee728b)
Start importing Assets/TextMesh Pro/Shaders/TMP_SDF-HDRP UNLIT.shadergraph using Guid(f63d574838ccfb44f84acc05fed0af48) Importer(815301076,1909f56bfc062723c751e8b465ee728b) (PreviewImporter) -> (artifact id: 'a129e3d2e46b97e4ac7eebba6334ddb7') in 0.0068948 seconds
Number of updated asset objects reloaded before import = 0Number of asset objects unloaded after import = 2

========================================================================
Received Import Request.
  Time since last request: 0.000045 seconds.
  path: Assets/Props/Environment/Package/SmallBuilding02.obj
  artifactKey: Guid(db4c26aa74c147f4ab18977b27e527e9) Importer(815301076,1909f56bfc062723c751e8b465ee728b)
Start importing Assets/Props/Environment/Package/SmallBuilding02.obj using Guid(db4c26aa74c147f4ab18977b27e527e9) Importer(815301076,1909f56bfc062723c751e8b465ee728b) (PreviewImporter) -> (artifact id: '6a0400a83f2e8ac8b0b44d56492dc50f') in 0.0270836 seconds
Number of updated asset objects reloaded before import = 0Number of asset objects unloaded after import = 11

========================================================================
Received Import Request.
  Time since last request: 0.000021 seconds.
  path: Assets/TextMesh Pro/Examples & Extras/Resources/Fonts & Materials/Roboto-Bold SDF - URP.mat
  artifactKey: Guid(90722b8bd74d9aa49958562aff7bdf76) Importer(815301076,1909f56bfc062723c751e8b465ee728b)
Start importing Assets/TextMesh Pro/Examples & Extras/Resources/Fonts & Materials/Roboto-Bold SDF - URP.mat using Guid(90722b8bd74d9aa49958562aff7bdf76) Importer(815301076,1909f56bfc062723c751e8b465ee728b) (PreviewImporter) -> (artifact id: 'fb4c815cec364edfc58379e96f98447e') in 0.633367 seconds
Number of updated asset objects reloaded before import = 0Number of asset objects unloaded after import = 3

========================================================================
Received Import Request.
  Time since last request: 0.000027 seconds.
  path: Assets/TextMesh Pro/Examples & Extras/Resources/Fonts & Materials/Roboto-Bold SDF - HDRP Unlit.mat
  artifactKey: Guid(2ddca8f46aa0838419d568affb0ca6b4) Importer(815301076,1909f56bfc062723c751e8b465ee728b)
Start importing Assets/TextMesh Pro/Examples & Extras/Resources/Fonts & Materials/Roboto-Bold SDF - HDRP Unlit.mat using Guid(2ddca8f46aa0838419d568affb0ca6b4) Importer(815301076,1909f56bfc062723c751e8b465ee728b) (PreviewImporter) -> (artifact id: '077cc646b9259ae947446371b35815d0') in 0.019757 seconds
Number of updated asset objects reloaded before import = 0Number of asset objects unloaded after import = 4

========================================================================
Received Import Request.
  Time since last request: 0.000035 seconds.
  path: Assets/TextMesh Pro/Examples & Extras/Resources/Fonts & Materials/Oswald Bold SDF.asset
  artifactKey: Guid(0161d805a3764c089bef00bfe00793f5) Importer(815301076,1909f56bfc062723c751e8b465ee728b)
Start importing Assets/TextMesh Pro/Examples & Extras/Resources/Fonts & Materials/Oswald Bold SDF.asset using Guid(0161d805a3764c089bef00bfe00793f5) Importer(815301076,1909f56bfc062723c751e8b465ee728b) (PreviewImporter) -> (artifact id: '48abadc0a8345a34b92c806e64e0c19a') in 0.0174513 seconds
Number of updated asset objects reloaded before import = 0Number of asset objects unloaded after import = 6

========================================================================
Received Import Request.
  Time since last request: 0.000026 seconds.
  path: Assets/TextMesh Pro/Shaders/TMP_SDF-URP Lit.shadergraph
  artifactKey: Guid(a3d800b099a06e0478fb790c5e79057a) Importer(815301076,1909f56bfc062723c751e8b465ee728b)
Start importing Assets/TextMesh Pro/Shaders/TMP_SDF-URP Lit.shadergraph using Guid(a3d800b099a06e0478fb790c5e79057a) Importer(815301076,1909f56bfc062723c751e8b465ee728b) (PreviewImporter) -> (artifact id: 'c47f4a9a89251798ef537ffb26307e54') in 0.0268905 seconds
Number of updated asset objects reloaded before import = 0Number of asset objects unloaded after import = 3

========================================================================
Received Import Request.
  Time since last request: 0.000022 seconds.
  path: Assets/Props/Environment/ENV/mat_arcade.mat
  artifactKey: Guid(07631656cc4aaa04fa57ad2fa4e38e32) Importer(815301076,1909f56bfc062723c751e8b465ee728b)
Start importing Assets/Props/Environment/ENV/mat_arcade.mat using Guid(07631656cc4aaa04fa57ad2fa4e38e32) Importer(815301076,1909f56bfc062723c751e8b465ee728b) (PreviewImporter) -> (artifact id: 'a84974c6456f5ec9a972cef5449138aa') in 0.0071687 seconds
Number of updated asset objects reloaded before import = 0Number of asset objects unloaded after import = 2

========================================================================
Received Import Request.
  Time since last request: 0.000021 seconds.
  path: Assets/Props/Environment/FreeSample/FreeSample/Crater_4.fbx
  artifactKey: Guid(ac94ec88ea3425c4ca1f7ee7dd5df732) Importer(815301076,1909f56bfc062723c751e8b465ee728b)
Start importing Assets/Props/Environment/FreeSample/FreeSample/Crater_4.fbx using Guid(ac94ec88ea3425c4ca1f7ee7dd5df732) Importer(815301076,1909f56bfc062723c751e8b465ee728b) (PreviewImporter) -> (artifact id: '37e6b7e16f6be556e40ffea257352603') in 0.0299516 seconds
Number of updated asset objects reloaded before import = 0Number of asset objects unloaded after import = 10

========================================================================
Received Import Request.
  Time since last request: 0.000021 seconds.
  path: Assets/Props/Materials/WhiteMat.mat
  artifactKey: Guid(c6f0991b31b97d24fab1958588ea591c) Importer(815301076,1909f56bfc062723c751e8b465ee728b)
Start importing Assets/Props/Materials/WhiteMat.mat using Guid(c6f0991b31b97d24fab1958588ea591c) Importer(815301076,1909f56bfc062723c751e8b465ee728b) (PreviewImporter) -> (artifact id: 'be4e1def6a55b0feb03640b9d33b3321') in 0.0065146 seconds
Number of updated asset objects reloaded before import = 0Number of asset objects unloaded after import = 1

========================================================================
Received Import Request.
  Time since last request: 0.000024 seconds.
  path: Assets/Props/Materials/New Material.mat
  artifactKey: Guid(7e4fcc0f430429f47950e047dbe9b0f4) Importer(815301076,1909f56bfc062723c751e8b465ee728b)
Start importing Assets/Props/Materials/New Material.mat using Guid(7e4fcc0f430429f47950e047dbe9b0f4) Importer(815301076,1909f56bfc062723c751e8b465ee728b) (PreviewImporter) -> (artifact id: 'fd9944bdf30d5aa6b16e1f388976362a') in 0.0330777 seconds
Number of updated asset objects reloaded before import = 0Number of asset objects unloaded after import = 1

========================================================================
Received Import Request.
  Time since last request: 108.799890 seconds.
  path: Assets/TextMesh Pro/Examples & Extras/Textures/Fruit Jelly (B&W).jpg
  artifactKey: Guid(1cdc5b506b1a4a33a53c30669ced1f51) Importer(815301076,1909f56bfc062723c751e8b465ee728b)
Start importing Assets/TextMesh Pro/Examples & Extras/Textures/Fruit Jelly (B&W).jpg using Guid(1cdc5b506b1a4a33a53c30669ced1f51) Importer(815301076,1909f56bfc062723c751e8b465ee728b) (PreviewImporter) -> (artifact id: '6efb00f99f72cebb91a05cfb451f073c') in 0.0182377 seconds
Number of updated asset objects reloaded before import = 0Number of asset objects unloaded after import = 2

========================================================================
Received Prepare
Refreshing native plugins compatible for Editor in 1.87 ms, found 4 plugins.
Preloading 0 native plugins for Editor in 0.00 ms.
Unloading 15 Unused Serialized files (Serialized files now loaded: 0)
Unloading 16 unused Assets / (1.9 MB). Loaded Objects now: 7665.
Memory consumption went from 150.1 MB to 148.2 MB.
Total: 8.969600 ms (FindLiveObjects: 0.480900 ms CreateObjectMapping: 0.196900 ms MarkObjects: 7.696400 ms  DeleteObjects: 0.593600 ms)

Prepare: number of updated asset objects reloaded= 0
========================================================================
Received Import Request.
  Time since last request: 47.690756 seconds.
  path: Assets/Props/Environment/3D icons/Github.mtl.obj
  artifactKey: Guid(e4f61505c3b1f0c40ad62f80825ba3d7) Importer(815301076,1909f56bfc062723c751e8b465ee728b)
Start importing Assets/Props/Environment/3D icons/Github.mtl.obj using Guid(e4f61505c3b1f0c40ad62f80825ba3d7) Importer(815301076,1909f56bfc062723c751e8b465ee728b) (PreviewImporter) -> (artifact id: '294a3870dcf8bc24413ad75915c15336') in 0.0334701 seconds
Number of updated asset objects reloaded before import = 0Number of asset objects unloaded after import = 10

========================================================================
Received Import Request.
  Time since last request: 0.000026 seconds.
  path: Assets/Props/Environment/3D icons/JAVA.obj
  artifactKey: Guid(08e92e796d36f2b4f97f3055b5b6cd1f) Importer(815301076,1909f56bfc062723c751e8b465ee728b)
Start importing Assets/Props/Environment/3D icons/JAVA.obj using Guid(08e92e796d36f2b4f97f3055b5b6cd1f) Importer(815301076,1909f56bfc062723c751e8b465ee728b) (PreviewImporter) -> (artifact id: '5dcd67d274178700248eb8d8060e5e37') in 0.0287546 seconds
Number of updated asset objects reloaded before import = 0Number of asset objects unloaded after import = 10

========================================================================
Received Import Request.
  Time since last request: 0.000023 seconds.
  path: Assets/Font/Epilogue/static/Epilogue-Medium.ttf
  artifactKey: Guid(a53245327ed12eb4aa2d7fbfdff98f1b) Importer(815301076,1909f56bfc062723c751e8b465ee728b)
Start importing Assets/Font/Epilogue/static/Epilogue-Medium.ttf using Guid(a53245327ed12eb4aa2d7fbfdff98f1b) Importer(815301076,1909f56bfc062723c751e8b465ee728b) (PreviewImporter) -> (artifact id: '6815afb4a1d70bea2125b8cf993e46fc') in 0.0101044 seconds
Number of updated asset objects reloaded before import = 0Number of asset objects unloaded after import = 4

========================================================================
Received Import Request.
  Time since last request: 0.000019 seconds.
  path: Assets/TextMesh Pro/Examples & Extras/Resources/Fonts & Materials/Bangers SDF - Outline.mat
  artifactKey: Guid(f629c6e43dba4bf38cb74d8860150664) Importer(815301076,1909f56bfc062723c751e8b465ee728b)
Start importing Assets/TextMesh Pro/Examples & Extras/Resources/Fonts & Materials/Bangers SDF - Outline.mat using Guid(f629c6e43dba4bf38cb74d8860150664) Importer(815301076,1909f56bfc062723c751e8b465ee728b) (PreviewImporter) -> (artifact id: '538bd776aa3a48ee1819abff9ac9c0e2') in 0.0227296 seconds
Number of updated asset objects reloaded before import = 0Number of asset objects unloaded after import = 2

========================================================================
Received Import Request.
  Time since last request: 0.000023 seconds.
  path: Assets/TextMesh Pro/Examples & Extras/Resources/Fonts & Materials/Anton SDF - Sunny Days.mat
  artifactKey: Guid(6522f30e342599e4e9dd4cc2cc03c830) Importer(815301076,1909f56bfc062723c751e8b465ee728b)
Start importing Assets/TextMesh Pro/Examples & Extras/Resources/Fonts & Materials/Anton SDF - Sunny Days.mat using Guid(6522f30e342599e4e9dd4cc2cc03c830) Importer(815301076,1909f56bfc062723c751e8b465ee728b) (PreviewImporter) -> (artifact id: '7677a3ab093f56ecb459695ec65b0af2') in 0.0101711 seconds
Number of updated asset objects reloaded before import = 0Number of asset objects unloaded after import = 4

========================================================================
Received Import Request.
  Time since last request: 0.000021 seconds.
  path: Assets/Props/Texts/akshar.obj
  artifactKey: Guid(3c93a142d76ffe947aed6f755fc7be6d) Importer(815301076,1909f56bfc062723c751e8b465ee728b)
Start importing Assets/Props/Texts/akshar.obj using Guid(3c93a142d76ffe947aed6f755fc7be6d) Importer(815301076,1909f56bfc062723c751e8b465ee728b) (PreviewImporter) -> (artifact id: '244d3393ebad884f5ddaf7a4b1e0bf5d') in 0.0242975 seconds
Number of updated asset objects reloaded before import = 0Number of asset objects unloaded after import = 10

========================================================================
Received Import Request.
  Time since last request: 0.000022 seconds.
  path: Assets/Font/Epilogue/static/Epilogue-BoldItalic.ttf
  artifactKey: Guid(4f39aa557ea85f045b04c23bd75703af) Importer(815301076,1909f56bfc062723c751e8b465ee728b)
Start importing Assets/Font/Epilogue/static/Epilogue-BoldItalic.ttf using Guid(4f39aa557ea85f045b04c23bd75703af) Importer(815301076,1909f56bfc062723c751e8b465ee728b) (PreviewImporter) -> (artifact id: '31bca65ad03afe83d9efbd83d620e772') in 0.0101839 seconds
Number of updated asset objects reloaded before import = 0Number of asset objects unloaded after import = 4

========================================================================
Received Import Request.
  Time since last request: 0.000020 seconds.
  path: Assets/TextMesh Pro/Examples & Extras/Resources/Fonts & Materials/Bangers SDF - Drop Shadow.mat
  artifactKey: Guid(f2dcf029949142e28b974630369c8b4e) Importer(815301076,1909f56bfc062723c751e8b465ee728b)
Start importing Assets/TextMesh Pro/Examples & Extras/Resources/Fonts & Materials/Bangers SDF - Drop Shadow.mat using Guid(f2dcf029949142e28b974630369c8b4e) Importer(815301076,1909f56bfc062723c751e8b465ee728b) (PreviewImporter) -> (artifact id: 'ea64cd72d5dd97f4198ba8469b6b6e1e') in 0.0226219 seconds
Number of updated asset objects reloaded before import = 0Number of asset objects unloaded after import = 2

========================================================================
Received Import Request.
  Time since last request: 0.000028 seconds.
  path: Assets/TextMesh Pro/Fonts/LiberationSans.ttf
  artifactKey: Guid(e3265ab4bf004d28a9537516768c1c75) Importer(815301076,1909f56bfc062723c751e8b465ee728b)
Start importing Assets/TextMesh Pro/Fonts/LiberationSans.ttf using Guid(e3265ab4bf004d28a9537516768c1c75) Importer(815301076,1909f56bfc062723c751e8b465ee728b) (PreviewImporter) -> (artifact id: 'f4ecff70b126a9b8726d896a0ccc7cda') in 0.0097486 seconds
Number of updated asset objects reloaded before import = 0Number of asset objects unloaded after import = 4

========================================================================
Received Import Request.
  Time since last request: 0.000026 seconds.
  path: Assets/Font/Epilogue/static/Epilogue-ThinItalic.ttf
  artifactKey: Guid(22c635074863bfd459f6773c16a7c84f) Importer(815301076,1909f56bfc062723c751e8b465ee728b)
Start importing Assets/Font/Epilogue/static/Epilogue-ThinItalic.ttf using Guid(22c635074863bfd459f6773c16a7c84f) Importer(815301076,1909f56bfc062723c751e8b465ee728b) (PreviewImporter) -> (artifact id: 'ffe1771d26e3f4f7c970de63d2f63c09') in 0.0102102 seconds
Number of updated asset objects reloaded before import = 0Number of asset objects unloaded after import = 4

========================================================================
Received Import Request.
  Time since last request: 0.000022 seconds.
  path: Assets/Props/Texts/Pprojects.obj
  artifactKey: Guid(c25ee3db9314c4a4ba0411244fa1f245) Importer(815301076,1909f56bfc062723c751e8b465ee728b)
Start importing Assets/Props/Texts/Pprojects.obj using Guid(c25ee3db9314c4a4ba0411244fa1f245) Importer(815301076,1909f56bfc062723c751e8b465ee728b) (PreviewImporter) -> (artifact id: '59c6dca007626137a964399682e162e5') in 0.0262393 seconds
Number of updated asset objects reloaded before import = 0Number of asset objects unloaded after import = 10

========================================================================
Received Import Request.
  Time since last request: 0.000026 seconds.
  path: Assets/TextMesh Pro/Examples & Extras/Fonts/Bangers.ttf
  artifactKey: Guid(5dd49b3eacc540408c98eee0de38e0f1) Importer(815301076,1909f56bfc062723c751e8b465ee728b)
Start importing Assets/TextMesh Pro/Examples & Extras/Fonts/Bangers.ttf using Guid(5dd49b3eacc540408c98eee0de38e0f1) Importer(815301076,1909f56bfc062723c751e8b465ee728b) (PreviewImporter) -> (artifact id: 'eb9dd8783a1d4112bb263d2942c77a32') in 0.0132881 seconds
Number of updated asset objects reloaded before import = 0Number of asset objects unloaded after import = 4

========================================================================
Received Import Request.
  Time since last request: 0.000037 seconds.
  path: Assets/TextMesh Pro/Examples & Extras/Resources/Fonts & Materials/Bangers SDF Logo.mat
  artifactKey: Guid(f4e195ac1e204eff960149d1cb34e18c) Importer(815301076,1909f56bfc062723c751e8b465ee728b)
Start importing Assets/TextMesh Pro/Examples & Extras/Resources/Fonts & Materials/Bangers SDF Logo.mat using Guid(f4e195ac1e204eff960149d1cb34e18c) Importer(815301076,1909f56bfc062723c751e8b465ee728b) (PreviewImporter) -> (artifact id: '0c13ddeea9c96b8c4951b4729c560a04') in 0.2248486 seconds
Number of updated asset objects reloaded before import = 0Number of asset objects unloaded after import = 4

========================================================================
Received Import Request.
  Time since last request: 5.883058 seconds.
  path: Assets/TextMesh Pro/Examples & Extras/Textures/Fruit Jelly (B&W).jpg
  artifactKey: Guid(1cdc5b506b1a4a33a53c30669ced1f51) Importer(815301076,1909f56bfc062723c751e8b465ee728b)
Start importing Assets/TextMesh Pro/Examples & Extras/Textures/Fruit Jelly (B&W).jpg using Guid(1cdc5b506b1a4a33a53c30669ced1f51) Importer(815301076,1909f56bfc062723c751e8b465ee728b) (PreviewImporter) -> (artifact id: 'a30d097d8b2f4155d458985c56939aff') in 0.0119093 seconds
Number of updated asset objects reloaded before import = 0Number of asset objects unloaded after import = 2

========================================================================
Received Import Request.
  Time since last request: 53.534033 seconds.
  path: Assets/TextMesh Pro/Examples & Extras/Resources/Fonts & Materials/LiberationSans SDF - Metalic Green.mat
  artifactKey: Guid(8b29aaa3eec7468097ff07adfcf29ac9) Importer(815301076,1909f56bfc062723c751e8b465ee728b)
Start importing Assets/TextMesh Pro/Examples & Extras/Resources/Fonts & Materials/LiberationSans SDF - Metalic Green.mat using Guid(8b29aaa3eec7468097ff07adfcf29ac9) Importer(815301076,1909f56bfc062723c751e8b465ee728b) (PreviewImporter) -> (artifact id: 'f83a6d387fa5eaaed98eea8265b81970') in 0.0281888 seconds
Number of updated asset objects reloaded before import = 0Number of asset objects unloaded after import = 4

========================================================================
Received Import Request.
  Time since last request: 0.000027 seconds.
  path: Assets/TextMesh Pro/Examples & Extras/Resources/Fonts & Materials/LiberationSans SDF - Overlay.mat
  artifactKey: Guid(9ad269c99dcf42b7aedefd83dd5a7b9d) Importer(815301076,1909f56bfc062723c751e8b465ee728b)
Start importing Assets/TextMesh Pro/Examples & Extras/Resources/Fonts & Materials/LiberationSans SDF - Overlay.mat using Guid(9ad269c99dcf42b7aedefd83dd5a7b9d) Importer(815301076,1909f56bfc062723c751e8b465ee728b) (PreviewImporter) -> (artifact id: '5fa78443a0bfecdc961c7b5eab89c1b3') in 0.0241037 seconds
Number of updated asset objects reloaded before import = 0Number of asset objects unloaded after import = 2

========================================================================
Received Import Request.
  Time since last request: 0.000023 seconds.
  path: Assets/Props/EXP/BuildingBlock_24.fbx
  artifactKey: Guid(74cb7cad8ae835147867482dd74da636) Importer(815301076,1909f56bfc062723c751e8b465ee728b)
Start importing Assets/Props/EXP/BuildingBlock_24.fbx using Guid(74cb7cad8ae835147867482dd74da636) Importer(815301076,1909f56bfc062723c751e8b465ee728b) (PreviewImporter) -> (artifact id: 'f50da84eedc4d895076142afba8fd864') in 0.0378722 seconds
Number of updated asset objects reloaded before import = 0Number of asset objects unloaded after import = 10

========================================================================
Received Import Request.
  Time since last request: 0.000027 seconds.
  path: Assets/TextMesh Pro/Resources/Fonts & Materials/LiberationSans SDF.asset
  artifactKey: Guid(8f586378b4e144a9851e7b34d9b748ee) Importer(815301076,1909f56bfc062723c751e8b465ee728b)
Start importing Assets/TextMesh Pro/Resources/Fonts & Materials/LiberationSans SDF.asset using Guid(8f586378b4e144a9851e7b34d9b748ee) Importer(815301076,1909f56bfc062723c751e8b465ee728b) (PreviewImporter) -> (artifact id: '77804617bf05977095114a2e940a4a56') in 0.035243 seconds
Number of updated asset objects reloaded before import = 0Number of asset objects unloaded after import = 9

========================================================================
Received Import Request.
  Time since last request: 0.000029 seconds.
  path: Assets/Props/EXP/BuildingBlock_1.fbx
  artifactKey: Guid(02a1b4ea2fc67934fb38eaaa56144de7) Importer(815301076,1909f56bfc062723c751e8b465ee728b)
Start importing Assets/Props/EXP/BuildingBlock_1.fbx using Guid(02a1b4ea2fc67934fb38eaaa56144de7) Importer(815301076,1909f56bfc062723c751e8b465ee728b) (PreviewImporter) -> (artifact id: 'a721755af58859ef11a5c38eccc266c2') in 0.0286483 seconds
Number of updated asset objects reloaded before import = 0Number of asset objects unloaded after import = 9

========================================================================
Received Import Request.
  Time since last request: 0.000023 seconds.
  path: Assets/TextMesh Pro/Examples & Extras/Resources/Fonts & Materials/LiberationSans SDF - Soft Mask.mat
  artifactKey: Guid(42df1c7856584b6b8db9a509b6b10074) Importer(815301076,1909f56bfc062723c751e8b465ee728b)
Start importing Assets/TextMesh Pro/Examples & Extras/Resources/Fonts & Materials/LiberationSans SDF - Soft Mask.mat using Guid(42df1c7856584b6b8db9a509b6b10074) Importer(815301076,1909f56bfc062723c751e8b465ee728b) (PreviewImporter) -> (artifact id: 'bb91f464902e0734c2c4dfc0c03650d0') in 0.0227997 seconds
Number of updated asset objects reloaded before import = 0Number of asset objects unloaded after import = 3

========================================================================
Received Import Request.
  Time since last request: 0.420221 seconds.
  path: Assets/Props/Environment/FreeSample/FreeSample/Rock_3.fbx
  artifactKey: Guid(56a5b34932fda054a8ea4d076386dac7) Importer(815301076,1909f56bfc062723c751e8b465ee728b)
Start importing Assets/Props/Environment/FreeSample/FreeSample/Rock_3.fbx using Guid(56a5b34932fda054a8ea4d076386dac7) Importer(815301076,1909f56bfc062723c751e8b465ee728b) (PreviewImporter) -> (artifact id: 'e65e202a8a7148eeea1862db7ea75922') in 0.0374837 seconds
Number of updated asset objects reloaded before import = 0Number of asset objects unloaded after import = 10

========================================================================
Received Import Request.
  Time since last request: 0.000026 seconds.
  path: Assets/Props/Environment/FreeSample/FreeSample/Rock_6.fbx
  artifactKey: Guid(488d30990487adf438085804d6032987) Importer(815301076,1909f56bfc062723c751e8b465ee728b)
Start importing Assets/Props/Environment/FreeSample/FreeSample/Rock_6.fbx using Guid(488d30990487adf438085804d6032987) Importer(815301076,1909f56bfc062723c751e8b465ee728b) (PreviewImporter) -> (artifact id: '1fe0e01248e3993222630e4d0980c860') in 0.030892 seconds
Number of updated asset objects reloaded before import = 0Number of asset objects unloaded after import = 10

========================================================================
Received Import Request.
  Time since last request: 0.000023 seconds.
  path: Assets/Props/Environment/FreeSample/FreeSample/Rock_7.fbx
  artifactKey: Guid(08caf44fe3966064287766f6d377250d) Importer(815301076,1909f56bfc062723c751e8b465ee728b)
Start importing Assets/Props/Environment/FreeSample/FreeSample/Rock_7.fbx using Guid(08caf44fe3966064287766f6d377250d) Importer(815301076,1909f56bfc062723c751e8b465ee728b) (PreviewImporter) -> (artifact id: 'd43f31cc00009f98358bae3a936d835f') in 0.0290258 seconds
Number of updated asset objects reloaded before import = 0Number of asset objects unloaded after import = 10

========================================================================
Received Import Request.
  Time since last request: 0.000023 seconds.
  path: Assets/Props/Environment/FreeSample/FreeSample/GroundTile_4.fbx
  artifactKey: Guid(fabe53c98e7c46e47a34e8a28c557216) Importer(815301076,1909f56bfc062723c751e8b465ee728b)
Start importing Assets/Props/Environment/FreeSample/FreeSample/GroundTile_4.fbx using Guid(fabe53c98e7c46e47a34e8a28c557216) Importer(815301076,1909f56bfc062723c751e8b465ee728b) (PreviewImporter) -> (artifact id: '707c8d73c6dd94d73707d6b8559a233e') in 0.0309675 seconds
Number of updated asset objects reloaded before import = 0Number of asset objects unloaded after import = 10

========================================================================
Received Import Request.
  Time since last request: 0.000031 seconds.
  path: Assets/Props/Environment/FreeSample/FreeSample/Rock_12.fbx
  artifactKey: Guid(601dc876c5071b540ba107f708137fe3) Importer(815301076,1909f56bfc062723c751e8b465ee728b)
Start importing Assets/Props/Environment/FreeSample/FreeSample/Rock_12.fbx using Guid(601dc876c5071b540ba107f708137fe3) Importer(815301076,1909f56bfc062723c751e8b465ee728b) (PreviewImporter) -> (artifact id: '6aa8ce282be2ce2c74a0944ddc96ce00') in 0.03333 seconds
Number of updated asset objects reloaded before import = 0Number of asset objects unloaded after import = 10

========================================================================
Received Import Request.
  Time since last request: 0.000023 seconds.
  path: Assets/Props/Environment/FreeSample/FreeSample/Crater_4.fbx
  artifactKey: Guid(ac94ec88ea3425c4ca1f7ee7dd5df732) Importer(815301076,1909f56bfc062723c751e8b465ee728b)
Start importing Assets/Props/Environment/FreeSample/FreeSample/Crater_4.fbx using Guid(ac94ec88ea3425c4ca1f7ee7dd5df732) Importer(815301076,1909f56bfc062723c751e8b465ee728b) (PreviewImporter) -> (artifact id: 'c5016ce6b23bd0bb275c3e520adeebfe') in 0.0263236 seconds
Number of updated asset objects reloaded before import = 0Number of asset objects unloaded after import = 10

========================================================================
Received Import Request.
  Time since last request: 2.285366 seconds.
  path: Assets/Props/Environment/FreeSample/FreeSample/Rock_8.fbx
  artifactKey: Guid(ac1e5ba33528eab44b4f218ea0e67086) Importer(815301076,1909f56bfc062723c751e8b465ee728b)
Start importing Assets/Props/Environment/FreeSample/FreeSample/Rock_8.fbx using Guid(ac1e5ba33528eab44b4f218ea0e67086) Importer(815301076,1909f56bfc062723c751e8b465ee728b) (PreviewImporter) -> (artifact id: '943f6976dc9e598ee122e61101e1b890') in 0.0386846 seconds
Number of updated asset objects reloaded before import = 0Number of asset objects unloaded after import = 10

========================================================================
Received Import Request.
  Time since last request: 0.000022 seconds.
  path: Assets/Props/Environment/FreeSample/FreeSample/Rock_10.fbx
  artifactKey: Guid(56674882b83083e4bb64f04584f132bf) Importer(815301076,1909f56bfc062723c751e8b465ee728b)
Start importing Assets/Props/Environment/FreeSample/FreeSample/Rock_10.fbx using Guid(56674882b83083e4bb64f04584f132bf) Importer(815301076,1909f56bfc062723c751e8b465ee728b) (PreviewImporter) -> (artifact id: 'e09e93b494cdc32a86165f418c031ce4') in 0.0299121 seconds
Number of updated asset objects reloaded before import = 0Number of asset objects unloaded after import = 10

========================================================================
Received Import Request.
  Time since last request: 0.000026 seconds.
  path: Assets/Props/Environment/FreeSample/FreeSample/SolarPanel_4.fbx
  artifactKey: Guid(5a807969e498d8c40a1a1fee913a126a) Importer(815301076,1909f56bfc062723c751e8b465ee728b)
Start importing Assets/Props/Environment/FreeSample/FreeSample/SolarPanel_4.fbx using Guid(5a807969e498d8c40a1a1fee913a126a) Importer(815301076,1909f56bfc062723c751e8b465ee728b) (PreviewImporter) -> (artifact id: '963ccd86409c458e144e695318a42f41') in 0.0353255 seconds
Number of updated asset objects reloaded before import = 0Number of asset objects unloaded after import = 11

========================================================================
Received Import Request.
  Time since last request: 0.000034 seconds.
  path: Assets/Props/Environment/FreeSample/FreeSample/Prop_15.fbx
  artifactKey: Guid(147093a3919972c42b188dca9d1abe0f) Importer(815301076,1909f56bfc062723c751e8b465ee728b)
Start importing Assets/Props/Environment/FreeSample/FreeSample/Prop_15.fbx using Guid(147093a3919972c42b188dca9d1abe0f) Importer(815301076,1909f56bfc062723c751e8b465ee728b) (PreviewImporter) -> (artifact id: '94a19db0a2ed2eca67a62eb40fcdf894') in 0.033926 seconds
Number of updated asset objects reloaded before import = 0Number of asset objects unloaded after import = 11

========================================================================
Received Import Request.
  Time since last request: 0.000024 seconds.
  path: Assets/Props/Environment/FreeSample/FreeSample/SatelliteDish_1.fbx
  artifactKey: Guid(beddcfa7f75e7644bbbde88183f13d49) Importer(815301076,1909f56bfc062723c751e8b465ee728b)
Start importing Assets/Props/Environment/FreeSample/FreeSample/SatelliteDish_1.fbx using Guid(beddcfa7f75e7644bbbde88183f13d49) Importer(815301076,1909f56bfc062723c751e8b465ee728b) (PreviewImporter) -> (artifact id: 'ab77989d57e463f79a7d409f8ed083c8') in 0.0398178 seconds
Number of updated asset objects reloaded before import = 0Number of asset objects unloaded after import = 11

========================================================================
Received Import Request.
  Time since last request: 0.000023 seconds.
  path: Assets/Props/EXP/Advertising_7.fbx
  artifactKey: Guid(ab09f8c42733f1845ac8bab509817848) Importer(815301076,1909f56bfc062723c751e8b465ee728b)
Start importing Assets/Props/EXP/Advertising_7.fbx using Guid(ab09f8c42733f1845ac8bab509817848) Importer(815301076,1909f56bfc062723c751e8b465ee728b) (PreviewImporter) -> (artifact id: '35e35c3c2e823e6fb88827fa96b3d0bb') in 0.0304734 seconds
Number of updated asset objects reloaded before import = 0Number of asset objects unloaded after import = 9

========================================================================
Received Import Request.
  Time since last request: 1.108566 seconds.
  path: Assets/Props/EXP/Sidewalk_Chunk_2.fbx
  artifactKey: Guid(01613a4b92dd11049abf6b9eea2b508f) Importer(815301076,1909f56bfc062723c751e8b465ee728b)
Start importing Assets/Props/EXP/Sidewalk_Chunk_2.fbx using Guid(01613a4b92dd11049abf6b9eea2b508f) Importer(815301076,1909f56bfc062723c751e8b465ee728b) (PreviewImporter) -> (artifact id: 'e2304d8c18b6b05b396f025953b09a16') in 0.0303748 seconds
Number of updated asset objects reloaded before import = 0Number of asset objects unloaded after import = 9

========================================================================
Received Import Request.
  Time since last request: 0.000022 seconds.
  path: Assets/Props/Environment/3D icons/Linkedin.obj
  artifactKey: Guid(4403a191189153143b22e156c9573760) Importer(815301076,1909f56bfc062723c751e8b465ee728b)
Start importing Assets/Props/Environment/3D icons/Linkedin.obj using Guid(4403a191189153143b22e156c9573760) Importer(815301076,1909f56bfc062723c751e8b465ee728b) (PreviewImporter) -> (artifact id: '8d31f53c10c5c74055d5c9b0c25732fe') in 0.0362018 seconds
Number of updated asset objects reloaded before import = 0Number of asset objects unloaded after import = 10

========================================================================
Received Import Request.
  Time since last request: 0.000024 seconds.
  path: Assets/TextMesh Pro/Examples & Extras/Resources/Fonts & Materials/Roboto-Bold SDF - URP.mat
  artifactKey: Guid(90722b8bd74d9aa49958562aff7bdf76) Importer(815301076,1909f56bfc062723c751e8b465ee728b)
Start importing Assets/TextMesh Pro/Examples & Extras/Resources/Fonts & Materials/Roboto-Bold SDF - URP.mat using Guid(90722b8bd74d9aa49958562aff7bdf76) Importer(815301076,1909f56bfc062723c751e8b465ee728b) (PreviewImporter) -> (artifact id: 'd81da07b68eb09e045e95383e57e0064') in 0.1877104 seconds
Number of updated asset objects reloaded before import = 0Number of asset objects unloaded after import = 2

========================================================================
Received Import Request.
  Time since last request: 0.000024 seconds.
  path: Assets/Props/Materials/New Material.mat
  artifactKey: Guid(7e4fcc0f430429f47950e047dbe9b0f4) Importer(815301076,1909f56bfc062723c751e8b465ee728b)
Start importing Assets/Props/Materials/New Material.mat using Guid(7e4fcc0f430429f47950e047dbe9b0f4) Importer(815301076,1909f56bfc062723c751e8b465ee728b) (PreviewImporter) -> (artifact id: '2c0b733fca0d1e2a5d748415254f9265') in 0.0136293 seconds
Number of updated asset objects reloaded before import = 0Number of asset objects unloaded after import = 1

========================================================================
Received Import Request.
  Time since last request: 0.000032 seconds.
  path: Assets/Props/Environment/3D icons/Github.obj
  artifactKey: Guid(1c0584077d3ae1842924c6ddf5a26683) Importer(815301076,1909f56bfc062723c751e8b465ee728b)
Start importing Assets/Props/Environment/3D icons/Github.obj using Guid(1c0584077d3ae1842924c6ddf5a26683) Importer(815301076,1909f56bfc062723c751e8b465ee728b) (PreviewImporter) -> (artifact id: '9f0c8aa2a46bfb74f53d83b670c90e7c') in 0.0240504 seconds
Number of updated asset objects reloaded before import = 0Number of asset objects unloaded after import = 10

========================================================================
Received Import Request.
  Time since last request: 0.000020 seconds.
  path: Assets/Props/Environment/FreeSample/FreeSample/Lander.fbx
  artifactKey: Guid(2a84d94c316ae3149adbeaa3e113949d) Importer(815301076,1909f56bfc062723c751e8b465ee728b)
Start importing Assets/Props/Environment/FreeSample/FreeSample/Lander.fbx using Guid(2a84d94c316ae3149adbeaa3e113949d) Importer(815301076,1909f56bfc062723c751e8b465ee728b) (PreviewImporter) -> (artifact id: 'c15bff384620d6687837fb13d1342583') in 0.0274499 seconds
Number of updated asset objects reloaded before import = 0Number of asset objects unloaded after import = 11

========================================================================
Received Import Request.
  Time since last request: 0.000020 seconds.
  path: Assets/TextMesh Pro/Examples & Extras/Resources/Fonts & Materials/Unity SDF.asset
  artifactKey: Guid(c9adb1f542a93ae489bacfeae21e8394) Importer(815301076,1909f56bfc062723c751e8b465ee728b)
Start importing Assets/TextMesh Pro/Examples & Extras/Resources/Fonts & Materials/Unity SDF.asset using Guid(c9adb1f542a93ae489bacfeae21e8394) Importer(815301076,1909f56bfc062723c751e8b465ee728b) (PreviewImporter) -> (artifact id: '3a1c5db9ea9270af527c9a3fdb9fa40b') in 0.026018 seconds
Number of updated asset objects reloaded before import = 0Number of asset objects unloaded after import = 5

========================================================================
Received Import Request.
  Time since last request: 0.000026 seconds.
  path: Assets/TextMesh Pro/Shaders/TMP_SDF-URP Lit.shadergraph
  artifactKey: Guid(a3d800b099a06e0478fb790c5e79057a) Importer(815301076,1909f56bfc062723c751e8b465ee728b)
Start importing Assets/TextMesh Pro/Shaders/TMP_SDF-URP Lit.shadergraph using Guid(a3d800b099a06e0478fb790c5e79057a) Importer(815301076,1909f56bfc062723c751e8b465ee728b) (PreviewImporter) -> (artifact id: '5c486dc627adf19571b1da646d7bf1fc') in 0.0168984 seconds
Number of updated asset objects reloaded before import = 0Number of asset objects unloaded after import = 2

========================================================================
Received Import Request.
  Time since last request: 0.000019 seconds.
  path: Assets/TextMesh Pro/Examples & Extras/Resources/Fonts & Materials/Unity SDF - HDRP LIT - Outline.mat
  artifactKey: Guid(967f61bb1e3e28645a39e0cb647cc79e) Importer(815301076,1909f56bfc062723c751e8b465ee728b)
Start importing Assets/TextMesh Pro/Examples & Extras/Resources/Fonts & Materials/Unity SDF - HDRP LIT - Outline.mat using Guid(967f61bb1e3e28645a39e0cb647cc79e) Importer(815301076,1909f56bfc062723c751e8b465ee728b) (PreviewImporter) -> (artifact id: 'f184bd06183f5e30b4faace99611d7a5') in 0.0151892 seconds
Number of updated asset objects reloaded before import = 0Number of asset objects unloaded after import = 3

========================================================================
Received Import Request.
  Time since last request: 0.000019 seconds.
  path: Assets/Props/Environment/Package/SmallBuilding01.obj
  artifactKey: Guid(32f9f3bf33022534da80c35987104ed6) Importer(815301076,1909f56bfc062723c751e8b465ee728b)
Start importing Assets/Props/Environment/Package/SmallBuilding01.obj using Guid(32f9f3bf33022534da80c35987104ed6) Importer(815301076,1909f56bfc062723c751e8b465ee728b) (PreviewImporter) -> (artifact id: '66c2f8109faa1aa01b6d3123f2dd3118') in 0.0245903 seconds
Number of updated asset objects reloaded before import = 0Number of asset objects unloaded after import = 11

========================================================================
Received Import Request.
  Time since last request: 0.000025 seconds.
  path: Assets/TextMesh Pro/Examples & Extras/Resources/Fonts & Materials/Oswald Bold SDF.asset
  artifactKey: Guid(0161d805a3764c089bef00bfe00793f5) Importer(815301076,1909f56bfc062723c751e8b465ee728b)
Start importing Assets/TextMesh Pro/Examples & Extras/Resources/Fonts & Materials/Oswald Bold SDF.asset using Guid(0161d805a3764c089bef00bfe00793f5) Importer(815301076,1909f56bfc062723c751e8b465ee728b) (PreviewImporter) -> (artifact id: '8ed84d018b1eca148e17c2139172d49f') in 0.0119867 seconds
Number of updated asset objects reloaded before import = 0Number of asset objects unloaded after import = 6

========================================================================
Received Import Request.
  Time since last request: 0.000022 seconds.
  path: Assets/Props/EXP/Road_Chunk_5.fbx
  artifactKey: Guid(4995fd0ece94c7e44841f4186101e301) Importer(815301076,1909f56bfc062723c751e8b465ee728b)
Start importing Assets/Props/EXP/Road_Chunk_5.fbx using Guid(4995fd0ece94c7e44841f4186101e301) Importer(815301076,1909f56bfc062723c751e8b465ee728b) (PreviewImporter) -> (artifact id: 'a9ba1ab2e4f77cfa2f07273f9b334024') in 0.024897 seconds
Number of updated asset objects reloaded before import = 0Number of asset objects unloaded after import = 9

========================================================================
Received Import Request.
  Time since last request: 0.000031 seconds.
  path: Assets/Props/Environment/Package/TallBuilding02.obj
  artifactKey: Guid(79974b671775f2a43b31c7485193293f) Importer(815301076,1909f56bfc062723c751e8b465ee728b)
Start importing Assets/Props/Environment/Package/TallBuilding02.obj using Guid(79974b671775f2a43b31c7485193293f) Importer(815301076,1909f56bfc062723c751e8b465ee728b) (PreviewImporter) -> (artifact id: '296bad04e4dbe2208361e1a035cab7f2') in 0.0255645 seconds
Number of updated asset objects reloaded before import = 0Number of asset objects unloaded after import = 11

========================================================================
Received Import Request.
  Time since last request: 0.000028 seconds.
  path: Assets/TextMesh Pro/Examples & Extras/Resources/Fonts & Materials/Unity SDF - HDRP LIT - Bloom.mat
  artifactKey: Guid(8d176c01131de8f46ad61094e29d79b2) Importer(815301076,1909f56bfc062723c751e8b465ee728b)
Start importing Assets/TextMesh Pro/Examples & Extras/Resources/Fonts & Materials/Unity SDF - HDRP LIT - Bloom.mat using Guid(8d176c01131de8f46ad61094e29d79b2) Importer(815301076,1909f56bfc062723c751e8b465ee728b) (PreviewImporter) -> (artifact id: '4191f4400b3780a032f3b52fbd8b6b5c') in 0.0149352 seconds
Number of updated asset objects reloaded before import = 0Number of asset objects unloaded after import = 3

========================================================================
Received Import Request.
  Time since last request: 0.000020 seconds.
  path: Assets/TextMesh Pro/Shaders/TMP_SDF-HDRP UNLIT.shadergraph
  artifactKey: Guid(f63d574838ccfb44f84acc05fed0af48) Importer(815301076,1909f56bfc062723c751e8b465ee728b)
Start importing Assets/TextMesh Pro/Shaders/TMP_SDF-HDRP UNLIT.shadergraph using Guid(f63d574838ccfb44f84acc05fed0af48) Importer(815301076,1909f56bfc062723c751e8b465ee728b) (PreviewImporter) -> (artifact id: 'fc892b7941b98b26363042ba856ad7d9') in 0.0053554 seconds
Number of updated asset objects reloaded before import = 0Number of asset objects unloaded after import = 2

